2015/04/17 10:17:46 [trace] [system.CModule] Loading "log" application component
in /var/www/html/index.php (26)
2015/04/17 10:17:46 [trace] [system.CModule] Loading "request" application component
in /var/www/html/index.php (26)
2015/04/17 10:17:46 [trace] [system.CModule] Loading "urlManager" application component
in /var/www/html/index.php (26)
2015/04/17 10:17:46 [trace] [system.CModule] Loading "cache" application component
in /var/www/html/index.php (26)
2015/04/17 10:17:46 [trace] [system.caching.CFileCache] Serving "Yii.CUrlManager.rules" from cache
in /var/www/html/index.php (26)
2015/04/17 10:17:46 [trace] [system.CModule] Loading "coreMessages" application component
in /var/www/html/index.php (26)
2015/04/17 10:17:46 [error] [exception.CHttpException.404] exception 'CHttpException' with message 'Невозможно обработать запрос "uploads/avatars".' in /var/www/html/protected/framework/web/CWebApplication.php:286
Stack trace:
#0 /var/www/html/protected/framework/web/CWebApplication.php(141): CWebApplication->runController('uploads/avatars')
#1 /var/www/html/protected/framework/base/CApplication.php(169): CWebApplication->processRequest()
#2 /var/www/html/index.php(26): CApplication->run()
#3 {main}
REQUEST_URI=/uploads/avatars/53965_100271606707644_5297241_o1428477328.jpg
HTTP_REFERER=http://78.47.96.91/news
---
2015/04/17 10:17:46 [trace] [system.CModule] Loading "errorHandler" application component
2015/04/17 10:17:46 [trace] [system.CModule] Loading "messages" application component
in /var/www/html/protected/views/site/error_404.php (2)
in /var/www/html/protected/controllers/SiteController.php (54)
2015/04/17 10:17:46 [trace] [system.CModule] Loading "widgetFactory" application component
in /var/www/html/protected/views/layouts/column2.php (2)
in /var/www/html/protected/controllers/SiteController.php (54)
2015/04/17 10:17:46 [trace] [system.CModule] Loading "user" application component
in /var/www/html/protected/views/layouts/column2.php (9)
in /var/www/html/protected/controllers/SiteController.php (54)
2015/04/17 10:17:46 [trace] [system.CModule] Loading "session" application component
in /var/www/html/protected/views/layouts/column2.php (9)
in /var/www/html/protected/controllers/SiteController.php (54)
2015/04/17 10:17:46 [trace] [system.base.CModule] Loading "user" module
in /var/www/html/protected/modules/user/models/User.php (46)
in /var/www/html/protected/modules/user/models/User.php (38)
in /var/www/html/protected/views/layouts/column2.php (10)
2015/04/17 10:17:46 [trace] [system.CModule] Loading "db" application component
in /var/www/html/protected/modules/user/models/User.php (38)
in /var/www/html/protected/views/layouts/column2.php (10)
in /var/www/html/protected/controllers/SiteController.php (54)
2015/04/17 10:17:46 [trace] [system.db.CDbConnection] Opening DB connection
in /var/www/html/protected/modules/user/models/User.php (38)
in /var/www/html/protected/views/layouts/column2.php (10)
in /var/www/html/protected/controllers/SiteController.php (54)
2015/04/17 10:17:46 [trace] [system.db.CDbCommand] Querying SQL: SHOW FULL COLUMNS FROM `usr_users`
in /var/www/html/protected/modules/user/models/User.php (38)
in /var/www/html/protected/views/layouts/column2.php (10)
in /var/www/html/protected/controllers/SiteController.php (54)
2015/04/17 10:17:46 [profile] [system.db.CDbCommand.query] begin:system.db.CDbCommand.query(SHOW FULL COLUMNS FROM `usr_users`)
2015/04/17 10:17:46 [profile] [system.db.CDbCommand.query] end:system.db.CDbCommand.query(SHOW FULL COLUMNS FROM `usr_users`)
2015/04/17 10:17:46 [trace] [system.db.CDbCommand] Querying SQL: SHOW CREATE TABLE `usr_users`
in /var/www/html/protected/modules/user/models/User.php (38)
in /var/www/html/protected/views/layouts/column2.php (10)
in /var/www/html/protected/controllers/SiteController.php (54)
2015/04/17 10:17:46 [profile] [system.db.CDbCommand.query] begin:system.db.CDbCommand.query(SHOW CREATE TABLE `usr_users`)
2015/04/17 10:17:46 [profile] [system.db.CDbCommand.query] end:system.db.CDbCommand.query(SHOW CREATE TABLE `usr_users`)
2015/04/17 10:17:46 [trace] [system.db.ar.CActiveRecord] User.findByPk()
in /var/www/html/protected/views/layouts/column2.php (10)
in /var/www/html/protected/controllers/SiteController.php (54)
2015/04/17 10:17:46 [trace] [system.db.CDbCommand] Querying SQL: SHOW FULL COLUMNS FROM `usr_profiles`
in /var/www/html/protected/views/layouts/column2.php (10)
in /var/www/html/protected/controllers/SiteController.php (54)
2015/04/17 10:17:46 [profile] [system.db.CDbCommand.query] begin:system.db.CDbCommand.query(SHOW FULL COLUMNS FROM `usr_profiles`)
2015/04/17 10:17:46 [profile] [system.db.CDbCommand.query] end:system.db.CDbCommand.query(SHOW FULL COLUMNS FROM `usr_profiles`)
2015/04/17 10:17:46 [trace] [system.db.CDbCommand] Querying SQL: SHOW CREATE TABLE `usr_profiles`
in /var/www/html/protected/views/layouts/column2.php (10)
in /var/www/html/protected/controllers/SiteController.php (54)
2015/04/17 10:17:46 [profile] [system.db.CDbCommand.query] begin:system.db.CDbCommand.query(SHOW CREATE TABLE `usr_profiles`)
2015/04/17 10:17:46 [profile] [system.db.CDbCommand.query] end:system.db.CDbCommand.query(SHOW CREATE TABLE `usr_profiles`)
2015/04/17 10:17:46 [trace] [system.db.CDbCommand] Querying SQL: SELECT `user`.`id` AS `t0_c0`, `user`.`username` AS `t0_c1`, `user`.`email` AS `t0_c3`, `user`.`created` AS `t0_c7`, `user`.`lastvisit_at` AS `t0_c8`, `user`.`superuser` AS `t0_c5`, `user`.`status` AS `t0_c6`, `user`.`id_fb` AS `t0_c9`, `user`.`token` AS `t0_c11`, `profile`.`user_id` AS `t1_c0`, `profile`.`first_name_en` AS `t1_c1`, `profile`.`last_name_en` AS `t1_c2`, `profile`.`first_name_ru` AS `t1_c3`, `profile`.`first_name_uk` AS `t1_c4`, `profile`.`last_name_ru` AS `t1_c5`, `profile`.`last_name_uk` AS `t1_c6`, `profile`.`avatar_source` AS `t1_c7`, `profile`.`sex` AS `t1_c8`, `profile`.`phone` AS `t1_c9`, `profile`.`city` AS `t1_c10`, `profile`.`day` AS `t1_c11`, `profile`.`month` AS `t1_c12`, `profile`.`year` AS `t1_c13` FROM `usr_users` `user`  LEFT OUTER JOIN `usr_profiles` `profile` ON (`profile`.`user_id`=`user`.`id`)  WHERE (`user`.`id`=218)
in /var/www/html/protected/views/layouts/column2.php (10)
in /var/www/html/protected/controllers/SiteController.php (54)
2015/04/17 10:17:46 [profile] [system.db.CDbCommand.query] begin:system.db.CDbCommand.query(SELECT `user`.`id` AS `t0_c0`, `user`.`username` AS `t0_c1`, `user`.`email` AS `t0_c3`, `user`.`created` AS `t0_c7`, `user`.`lastvisit_at` AS `t0_c8`, `user`.`superuser` AS `t0_c5`, `user`.`status` AS `t0_c6`, `user`.`id_fb` AS `t0_c9`, `user`.`token` AS `t0_c11`, `profile`.`user_id` AS `t1_c0`, `profile`.`first_name_en` AS `t1_c1`, `profile`.`last_name_en` AS `t1_c2`, `profile`.`first_name_ru` AS `t1_c3`, `profile`.`first_name_uk` AS `t1_c4`, `profile`.`last_name_ru` AS `t1_c5`, `profile`.`last_name_uk` AS `t1_c6`, `profile`.`avatar_source` AS `t1_c7`, `profile`.`sex` AS `t1_c8`, `profile`.`phone` AS `t1_c9`, `profile`.`city` AS `t1_c10`, `profile`.`day` AS `t1_c11`, `profile`.`month` AS `t1_c12`, `profile`.`year` AS `t1_c13` FROM `usr_users` `user`  LEFT OUTER JOIN `usr_profiles` `profile` ON (`profile`.`user_id`=`user`.`id`)  WHERE (`user`.`id`=218))
2015/04/17 10:17:46 [profile] [system.db.CDbCommand.query] end:system.db.CDbCommand.query(SELECT `user`.`id` AS `t0_c0`, `user`.`username` AS `t0_c1`, `user`.`email` AS `t0_c3`, `user`.`created` AS `t0_c7`, `user`.`lastvisit_at` AS `t0_c8`, `user`.`superuser` AS `t0_c5`, `user`.`status` AS `t0_c6`, `user`.`id_fb` AS `t0_c9`, `user`.`token` AS `t0_c11`, `profile`.`user_id` AS `t1_c0`, `profile`.`first_name_en` AS `t1_c1`, `profile`.`last_name_en` AS `t1_c2`, `profile`.`first_name_ru` AS `t1_c3`, `profile`.`first_name_uk` AS `t1_c4`, `profile`.`last_name_ru` AS `t1_c5`, `profile`.`last_name_uk` AS `t1_c6`, `profile`.`avatar_source` AS `t1_c7`, `profile`.`sex` AS `t1_c8`, `profile`.`phone` AS `t1_c9`, `profile`.`city` AS `t1_c10`, `profile`.`day` AS `t1_c11`, `profile`.`month` AS `t1_c12`, `profile`.`year` AS `t1_c13` FROM `usr_users` `user`  LEFT OUTER JOIN `usr_profiles` `profile` ON (`profile`.`user_id`=`user`.`id`)  WHERE (`user`.`id`=218))
2015/04/17 10:17:46 [trace] [system.db.CDbCommand] Querying SQL: SELECT `id`
FROM `city`
ORDER BY `name_ru`
in /var/www/html/protected/components/widgets/Temperature.php (11)
in /var/www/html/protected/views/layouts/column2.php (214)
in /var/www/html/protected/controllers/SiteController.php (54)
2015/04/17 10:17:46 [profile] [system.db.CDbCommand.query] begin:system.db.CDbCommand.query(SELECT `id`
FROM `city`
ORDER BY `name_ru`)
2015/04/17 10:17:46 [profile] [system.db.CDbCommand.query] end:system.db.CDbCommand.query(SELECT `id`
FROM `city`
ORDER BY `name_ru`)
2015/04/17 10:17:46 [trace] [system.db.CDbCommand] Querying SQL: SHOW FULL COLUMNS FROM `usr_preferences`
in /var/www/html/protected/models/UserPreferences.php (24)
in /var/www/html/protected/components/widgets/Temperature.php (13)
in /var/www/html/protected/views/layouts/column2.php (214)
2015/04/17 10:17:46 [profile] [system.db.CDbCommand.query] begin:system.db.CDbCommand.query(SHOW FULL COLUMNS FROM `usr_preferences`)
2015/04/17 10:17:46 [profile] [system.db.CDbCommand.query] end:system.db.CDbCommand.query(SHOW FULL COLUMNS FROM `usr_preferences`)
2015/04/17 10:17:46 [trace] [system.db.CDbCommand] Querying SQL: SHOW CREATE TABLE `usr_preferences`
in /var/www/html/protected/models/UserPreferences.php (24)
in /var/www/html/protected/components/widgets/Temperature.php (13)
in /var/www/html/protected/views/layouts/column2.php (214)
2015/04/17 10:17:46 [profile] [system.db.CDbCommand.query] begin:system.db.CDbCommand.query(SHOW CREATE TABLE `usr_preferences`)
2015/04/17 10:17:46 [profile] [system.db.CDbCommand.query] end:system.db.CDbCommand.query(SHOW CREATE TABLE `usr_preferences`)
2015/04/17 10:17:46 [trace] [system.db.ar.CActiveRecord] UserPreferences.findByPk()
in /var/www/html/protected/components/widgets/Temperature.php (13)
in /var/www/html/protected/views/layouts/column2.php (214)
in /var/www/html/protected/controllers/SiteController.php (54)
2015/04/17 10:17:46 [trace] [system.db.CDbCommand] Querying SQL: SELECT * FROM `usr_preferences` `t` WHERE `t`.`user_id`=218 LIMIT 1
in /var/www/html/protected/components/widgets/Temperature.php (13)
in /var/www/html/protected/views/layouts/column2.php (214)
in /var/www/html/protected/controllers/SiteController.php (54)
2015/04/17 10:17:46 [profile] [system.db.CDbCommand.query] begin:system.db.CDbCommand.query(SELECT * FROM `usr_preferences` `t` WHERE `t`.`user_id`=218 LIMIT 1)
2015/04/17 10:17:46 [profile] [system.db.CDbCommand.query] end:system.db.CDbCommand.query(SELECT * FROM `usr_preferences` `t` WHERE `t`.`user_id`=218 LIMIT 1)
2015/04/17 10:17:46 [trace] [system.db.CDbCommand] Querying SQL: SHOW FULL COLUMNS FROM `city`
in /var/www/html/protected/models/City.php (24)
in /var/www/html/protected/components/widgets/Temperature.php (29)
in /var/www/html/protected/views/layouts/column2.php (214)
2015/04/17 10:17:46 [profile] [system.db.CDbCommand.query] begin:system.db.CDbCommand.query(SHOW FULL COLUMNS FROM `city`)
2015/04/17 10:17:46 [profile] [system.db.CDbCommand.query] end:system.db.CDbCommand.query(SHOW FULL COLUMNS FROM `city`)
2015/04/17 10:17:46 [trace] [system.db.CDbCommand] Querying SQL: SHOW CREATE TABLE `city`
in /var/www/html/protected/models/City.php (24)
in /var/www/html/protected/components/widgets/Temperature.php (29)
in /var/www/html/protected/views/layouts/column2.php (214)
2015/04/17 10:17:46 [profile] [system.db.CDbCommand.query] begin:system.db.CDbCommand.query(SHOW CREATE TABLE `city`)
2015/04/17 10:17:46 [profile] [system.db.CDbCommand.query] end:system.db.CDbCommand.query(SHOW CREATE TABLE `city`)
2015/04/17 10:17:46 [trace] [system.db.ar.CActiveRecord] City.findByPk()
in /var/www/html/protected/components/widgets/Temperature.php (29)
in /var/www/html/protected/views/layouts/column2.php (214)
in /var/www/html/protected/controllers/SiteController.php (54)
2015/04/17 10:17:46 [trace] [system.db.CDbCommand] Querying SQL: SELECT * FROM `city` `t` WHERE `t`.`id`=1 ORDER BY name_ru ASC LIMIT 1
in /var/www/html/protected/components/widgets/Temperature.php (29)
in /var/www/html/protected/views/layouts/column2.php (214)
in /var/www/html/protected/controllers/SiteController.php (54)
2015/04/17 10:17:46 [profile] [system.db.CDbCommand.query] begin:system.db.CDbCommand.query(SELECT * FROM `city` `t` WHERE `t`.`id`=1 ORDER BY name_ru ASC LIMIT 1)
2015/04/17 10:17:46 [profile] [system.db.CDbCommand.query] end:system.db.CDbCommand.query(SELECT * FROM `city` `t` WHERE `t`.`id`=1 ORDER BY name_ru ASC LIMIT 1)
2015/04/17 10:17:46 [trace] [system.db.ar.CActiveRecord] UserPreferences.findByPk()
in /var/www/html/protected/models/City.php (177)
in /var/www/html/protected/models/City.php (161)
in /var/www/html/protected/components/widgets/Temperature.php (31)
2015/04/17 10:17:46 [trace] [system.db.CDbCommand] Querying SQL: SELECT * FROM `usr_preferences` `t` WHERE `t`.`user_id`=218 LIMIT 1
in /var/www/html/protected/models/City.php (177)
in /var/www/html/protected/models/City.php (161)
in /var/www/html/protected/components/widgets/Temperature.php (31)
2015/04/17 10:17:46 [profile] [system.db.CDbCommand.query] begin:system.db.CDbCommand.query(SELECT * FROM `usr_preferences` `t` WHERE `t`.`user_id`=218 LIMIT 1)
2015/04/17 10:17:46 [profile] [system.db.CDbCommand.query] end:system.db.CDbCommand.query(SELECT * FROM `usr_preferences` `t` WHERE `t`.`user_id`=218 LIMIT 1)
2015/04/17 10:17:46 [trace] [system.db.ar.CActiveRecord] UserPreferences.update()
in /var/www/html/protected/models/City.php (184)
in /var/www/html/protected/models/City.php (161)
in /var/www/html/protected/components/widgets/Temperature.php (31)
2015/04/17 10:17:46 [trace] [system.db.ar.CActiveRecord] UserPreferences.updateByPk()
in /var/www/html/protected/models/City.php (184)
in /var/www/html/protected/models/City.php (161)
in /var/www/html/protected/components/widgets/Temperature.php (31)
2015/04/17 10:17:46 [trace] [system.db.CDbCommand] Executing SQL: UPDATE `usr_preferences` SET `user_id`=:yp0, `lang`=:yp1, `weather_city_id`=:yp2, `traffic_city_id`=:yp3, `currency_id`=:yp4, `font_size`=:yp5, `zoom`=:yp6, `follow_later`=:yp7, `friends_later`=:yp8, `mobile_later`=:yp9, `receive_news`=:yp10 WHERE `usr_preferences`.`user_id`=218. Bound with :yp0=218, :yp1='ru', :yp2=1, :yp3=1, :yp4=1, :yp5=16, :yp6=1, :yp7=1, :yp8=1, :yp9=1, :yp10=1
in /var/www/html/protected/models/City.php (184)
in /var/www/html/protected/models/City.php (161)
in /var/www/html/protected/components/widgets/Temperature.php (31)
2015/04/17 10:17:46 [profile] [system.db.CDbCommand.execute] begin:system.db.CDbCommand.execute(UPDATE `usr_preferences` SET `user_id`=:yp0, `lang`=:yp1, `weather_city_id`=:yp2, `traffic_city_id`=:yp3, `currency_id`=:yp4, `font_size`=:yp5, `zoom`=:yp6, `follow_later`=:yp7, `friends_later`=:yp8, `mobile_later`=:yp9, `receive_news`=:yp10 WHERE `usr_preferences`.`user_id`=218. Bound with :yp0=218, :yp1='ru', :yp2=1, :yp3=1, :yp4=1, :yp5=16, :yp6=1, :yp7=1, :yp8=1, :yp9=1, :yp10=1)
2015/04/17 10:17:46 [profile] [system.db.CDbCommand.execute] end:system.db.CDbCommand.execute(UPDATE `usr_preferences` SET `user_id`=:yp0, `lang`=:yp1, `weather_city_id`=:yp2, `traffic_city_id`=:yp3, `currency_id`=:yp4, `font_size`=:yp5, `zoom`=:yp6, `follow_later`=:yp7, `friends_later`=:yp8, `mobile_later`=:yp9, `receive_news`=:yp10 WHERE `usr_preferences`.`user_id`=218. Bound with :yp0=218, :yp1='ru', :yp2=1, :yp3=1, :yp4=1, :yp5=16, :yp6=1, :yp7=1, :yp8=1, :yp9=1, :yp10=1)
2015/04/17 10:17:46 [trace] [system.db.ar.CActiveRecord] City.findAll()
in /var/www/html/protected/components/widgets/WeatherMenu.php (18)
in /var/www/html/protected/views/layouts/column2.php (223)
in /var/www/html/protected/controllers/SiteController.php (54)
2015/04/17 10:17:46 [trace] [system.db.CDbCommand] Querying SQL: SELECT * FROM `city` `t` ORDER BY name_ru ASC
in /var/www/html/protected/components/widgets/WeatherMenu.php (18)
in /var/www/html/protected/views/layouts/column2.php (223)
in /var/www/html/protected/controllers/SiteController.php (54)
2015/04/17 10:17:46 [profile] [system.db.CDbCommand.query] begin:system.db.CDbCommand.query(SELECT * FROM `city` `t` ORDER BY name_ru ASC)
2015/04/17 10:17:46 [profile] [system.db.CDbCommand.query] end:system.db.CDbCommand.query(SELECT * FROM `city` `t` ORDER BY name_ru ASC)
2015/04/17 10:17:46 [trace] [system.db.ar.CActiveRecord] UserPreferences.findByPk()
in /var/www/html/protected/components/widgets/WeatherMenu.php (21)
in /var/www/html/protected/views/layouts/column2.php (223)
in /var/www/html/protected/controllers/SiteController.php (54)
2015/04/17 10:17:46 [trace] [system.db.CDbCommand] Querying SQL: SELECT * FROM `usr_preferences` `t` WHERE `t`.`user_id`=218 LIMIT 1
in /var/www/html/protected/components/widgets/WeatherMenu.php (21)
in /var/www/html/protected/views/layouts/column2.php (223)
in /var/www/html/protected/controllers/SiteController.php (54)
2015/04/17 10:17:46 [profile] [system.db.CDbCommand.query] begin:system.db.CDbCommand.query(SELECT * FROM `usr_preferences` `t` WHERE `t`.`user_id`=218 LIMIT 1)
2015/04/17 10:17:46 [profile] [system.db.CDbCommand.query] end:system.db.CDbCommand.query(SELECT * FROM `usr_preferences` `t` WHERE `t`.`user_id`=218 LIMIT 1)
2015/04/17 10:17:46 [trace] [system.CModule] Loading "clientScript" application component
in /var/www/html/protected/components/widgets/WeatherMenu.php (68)
in /var/www/html/protected/components/widgets/WeatherMenu.php (58)
in /var/www/html/protected/views/layouts/column2.php (223)
2015/04/17 10:17:46 [trace] [system.db.CDbCommand] Querying SQL: SELECT `id`
FROM `widget_currency_element`
in /var/www/html/protected/models/WidgetCurrencyElement.php (128)
in /var/www/html/protected/components/widgets/Currency.php (7)
in /var/www/html/protected/views/layouts/column2.php (235)
2015/04/17 10:17:46 [profile] [system.db.CDbCommand.query] begin:system.db.CDbCommand.query(SELECT `id`
FROM `widget_currency_element`)
2015/04/17 10:17:46 [profile] [system.db.CDbCommand.query] end:system.db.CDbCommand.query(SELECT `id`
FROM `widget_currency_element`)
2015/04/17 10:17:46 [trace] [system.db.ar.CActiveRecord] UserPreferences.findByPk()
in /var/www/html/protected/models/WidgetCurrencyElement.php (130)
in /var/www/html/protected/components/widgets/Currency.php (7)
in /var/www/html/protected/views/layouts/column2.php (235)
2015/04/17 10:17:46 [trace] [system.db.CDbCommand] Querying SQL: SELECT * FROM `usr_preferences` `t` WHERE `t`.`user_id`=218 LIMIT 1
in /var/www/html/protected/models/WidgetCurrencyElement.php (130)
in /var/www/html/protected/components/widgets/Currency.php (7)
in /var/www/html/protected/views/layouts/column2.php (235)
2015/04/17 10:17:46 [profile] [system.db.CDbCommand.query] begin:system.db.CDbCommand.query(SELECT * FROM `usr_preferences` `t` WHERE `t`.`user_id`=218 LIMIT 1)
2015/04/17 10:17:46 [profile] [system.db.CDbCommand.query] end:system.db.CDbCommand.query(SELECT * FROM `usr_preferences` `t` WHERE `t`.`user_id`=218 LIMIT 1)
2015/04/17 10:17:46 [trace] [system.db.CDbCommand] Querying SQL: SHOW FULL COLUMNS FROM `widget_currency_element`
in /var/www/html/protected/models/WidgetCurrencyElement.php (22)
in /var/www/html/protected/components/widgets/Currency.php (8)
in /var/www/html/protected/views/layouts/column2.php (235)
2015/04/17 10:17:46 [profile] [system.db.CDbCommand.query] begin:system.db.CDbCommand.query(SHOW FULL COLUMNS FROM `widget_currency_element`)
2015/04/17 10:17:46 [profile] [system.db.CDbCommand.query] end:system.db.CDbCommand.query(SHOW FULL COLUMNS FROM `widget_currency_element`)
2015/04/17 10:17:46 [trace] [system.db.CDbCommand] Querying SQL: SHOW CREATE TABLE `widget_currency_element`
in /var/www/html/protected/models/WidgetCurrencyElement.php (22)
in /var/www/html/protected/components/widgets/Currency.php (8)
in /var/www/html/protected/views/layouts/column2.php (235)
2015/04/17 10:17:46 [profile] [system.db.CDbCommand.query] begin:system.db.CDbCommand.query(SHOW CREATE TABLE `widget_currency_element`)
2015/04/17 10:17:46 [profile] [system.db.CDbCommand.query] end:system.db.CDbCommand.query(SHOW CREATE TABLE `widget_currency_element`)
2015/04/17 10:17:46 [trace] [system.db.ar.CActiveRecord] WidgetCurrencyElement.findByPk()
in /var/www/html/protected/components/widgets/Currency.php (8)
in /var/www/html/protected/views/layouts/column2.php (235)
in /var/www/html/protected/controllers/SiteController.php (54)
2015/04/17 10:17:46 [trace] [system.db.CDbCommand] Querying SQL: SELECT * FROM `widget_currency_element` `t` WHERE `t`.`id`=1 LIMIT 1
in /var/www/html/protected/components/widgets/Currency.php (8)
in /var/www/html/protected/views/layouts/column2.php (235)
in /var/www/html/protected/controllers/SiteController.php (54)
2015/04/17 10:17:46 [profile] [system.db.CDbCommand.query] begin:system.db.CDbCommand.query(SELECT * FROM `widget_currency_element` `t` WHERE `t`.`id`=1 LIMIT 1)
2015/04/17 10:17:46 [profile] [system.db.CDbCommand.query] end:system.db.CDbCommand.query(SELECT * FROM `widget_currency_element` `t` WHERE `t`.`id`=1 LIMIT 1)
2015/04/17 10:17:46 [trace] [system.db.ar.CActiveRecord] UserPreferences.findByPk()
in /var/www/html/protected/models/WidgetCurrencyElement.php (111)
in /var/www/html/protected/models/WidgetCurrencyElement.php (102)
in /var/www/html/protected/components/widgets/Currency.php (10)
2015/04/17 10:17:46 [trace] [system.db.CDbCommand] Querying SQL: SELECT * FROM `usr_preferences` `t` WHERE `t`.`user_id`=218 LIMIT 1
in /var/www/html/protected/models/WidgetCurrencyElement.php (111)
in /var/www/html/protected/models/WidgetCurrencyElement.php (102)
in /var/www/html/protected/components/widgets/Currency.php (10)
2015/04/17 10:17:46 [profile] [system.db.CDbCommand.query] begin:system.db.CDbCommand.query(SELECT * FROM `usr_preferences` `t` WHERE `t`.`user_id`=218 LIMIT 1)
2015/04/17 10:17:46 [profile] [system.db.CDbCommand.query] end:system.db.CDbCommand.query(SELECT * FROM `usr_preferences` `t` WHERE `t`.`user_id`=218 LIMIT 1)
2015/04/17 10:17:46 [trace] [system.db.ar.CActiveRecord] UserPreferences.update()
in /var/www/html/protected/models/WidgetCurrencyElement.php (118)
in /var/www/html/protected/models/WidgetCurrencyElement.php (102)
in /var/www/html/protected/components/widgets/Currency.php (10)
2015/04/17 10:17:46 [trace] [system.db.ar.CActiveRecord] UserPreferences.updateByPk()
in /var/www/html/protected/models/WidgetCurrencyElement.php (118)
in /var/www/html/protected/models/WidgetCurrencyElement.php (102)
in /var/www/html/protected/components/widgets/Currency.php (10)
2015/04/17 10:17:46 [trace] [system.db.CDbCommand] Executing SQL: UPDATE `usr_preferences` SET `user_id`=:yp0, `lang`=:yp1, `weather_city_id`=:yp2, `traffic_city_id`=:yp3, `currency_id`=:yp4, `font_size`=:yp5, `zoom`=:yp6, `follow_later`=:yp7, `friends_later`=:yp8, `mobile_later`=:yp9, `receive_news`=:yp10 WHERE `usr_preferences`.`user_id`=218. Bound with :yp0=218, :yp1='ru', :yp2=1, :yp3=1, :yp4=1, :yp5=16, :yp6=1, :yp7=1, :yp8=1, :yp9=1, :yp10=1
in /var/www/html/protected/models/WidgetCurrencyElement.php (118)
in /var/www/html/protected/models/WidgetCurrencyElement.php (102)
in /var/www/html/protected/components/widgets/Currency.php (10)
2015/04/17 10:17:46 [profile] [system.db.CDbCommand.execute] begin:system.db.CDbCommand.execute(UPDATE `usr_preferences` SET `user_id`=:yp0, `lang`=:yp1, `weather_city_id`=:yp2, `traffic_city_id`=:yp3, `currency_id`=:yp4, `font_size`=:yp5, `zoom`=:yp6, `follow_later`=:yp7, `friends_later`=:yp8, `mobile_later`=:yp9, `receive_news`=:yp10 WHERE `usr_preferences`.`user_id`=218. Bound with :yp0=218, :yp1='ru', :yp2=1, :yp3=1, :yp4=1, :yp5=16, :yp6=1, :yp7=1, :yp8=1, :yp9=1, :yp10=1)
2015/04/17 10:17:46 [profile] [system.db.CDbCommand.execute] end:system.db.CDbCommand.execute(UPDATE `usr_preferences` SET `user_id`=:yp0, `lang`=:yp1, `weather_city_id`=:yp2, `traffic_city_id`=:yp3, `currency_id`=:yp4, `font_size`=:yp5, `zoom`=:yp6, `follow_later`=:yp7, `friends_later`=:yp8, `mobile_later`=:yp9, `receive_news`=:yp10 WHERE `usr_preferences`.`user_id`=218. Bound with :yp0=218, :yp1='ru', :yp2=1, :yp3=1, :yp4=1, :yp5=16, :yp6=1, :yp7=1, :yp8=1, :yp9=1, :yp10=1)
2015/04/17 10:17:46 [trace] [system.db.CDbCommand] Querying SQL: SELECT `id`
FROM `widget_currency_element`
in /var/www/html/protected/models/WidgetCurrencyElement.php (128)
in /var/www/html/protected/components/widgets/Currency.php (7)
in /var/www/html/protected/views/layouts/column2.php (242)
2015/04/17 10:17:46 [profile] [system.db.CDbCommand.query] begin:system.db.CDbCommand.query(SELECT `id`
FROM `widget_currency_element`)
2015/04/17 10:17:46 [profile] [system.db.CDbCommand.query] end:system.db.CDbCommand.query(SELECT `id`
FROM `widget_currency_element`)
2015/04/17 10:17:46 [trace] [system.db.ar.CActiveRecord] UserPreferences.findByPk()
in /var/www/html/protected/models/WidgetCurrencyElement.php (130)
in /var/www/html/protected/components/widgets/Currency.php (7)
in /var/www/html/protected/views/layouts/column2.php (242)
2015/04/17 10:17:46 [trace] [system.db.CDbCommand] Querying SQL: SELECT * FROM `usr_preferences` `t` WHERE `t`.`user_id`=218 LIMIT 1
in /var/www/html/protected/models/WidgetCurrencyElement.php (130)
in /var/www/html/protected/components/widgets/Currency.php (7)
in /var/www/html/protected/views/layouts/column2.php (242)
2015/04/17 10:17:46 [profile] [system.db.CDbCommand.query] begin:system.db.CDbCommand.query(SELECT * FROM `usr_preferences` `t` WHERE `t`.`user_id`=218 LIMIT 1)
2015/04/17 10:17:46 [profile] [system.db.CDbCommand.query] end:system.db.CDbCommand.query(SELECT * FROM `usr_preferences` `t` WHERE `t`.`user_id`=218 LIMIT 1)
2015/04/17 10:17:46 [trace] [system.db.ar.CActiveRecord] WidgetCurrencyElement.findByPk()
in /var/www/html/protected/components/widgets/Currency.php (8)
in /var/www/html/protected/views/layouts/column2.php (242)
in /var/www/html/protected/controllers/SiteController.php (54)
2015/04/17 10:17:46 [trace] [system.db.CDbCommand] Querying SQL: SELECT * FROM `widget_currency_element` `t` WHERE `t`.`id`=1 LIMIT 1
in /var/www/html/protected/components/widgets/Currency.php (8)
in /var/www/html/protected/views/layouts/column2.php (242)
in /var/www/html/protected/controllers/SiteController.php (54)
2015/04/17 10:17:46 [profile] [system.db.CDbCommand.query] begin:system.db.CDbCommand.query(SELECT * FROM `widget_currency_element` `t` WHERE `t`.`id`=1 LIMIT 1)
2015/04/17 10:17:46 [profile] [system.db.CDbCommand.query] end:system.db.CDbCommand.query(SELECT * FROM `widget_currency_element` `t` WHERE `t`.`id`=1 LIMIT 1)
2015/04/17 10:17:46 [trace] [system.db.ar.CActiveRecord] UserPreferences.findByPk()
in /var/www/html/protected/models/WidgetCurrencyElement.php (111)
in /var/www/html/protected/models/WidgetCurrencyElement.php (102)
in /var/www/html/protected/components/widgets/Currency.php (10)
2015/04/17 10:17:46 [trace] [system.db.CDbCommand] Querying SQL: SELECT * FROM `usr_preferences` `t` WHERE `t`.`user_id`=218 LIMIT 1
in /var/www/html/protected/models/WidgetCurrencyElement.php (111)
in /var/www/html/protected/models/WidgetCurrencyElement.php (102)
in /var/www/html/protected/components/widgets/Currency.php (10)
2015/04/17 10:17:46 [profile] [system.db.CDbCommand.query] begin:system.db.CDbCommand.query(SELECT * FROM `usr_preferences` `t` WHERE `t`.`user_id`=218 LIMIT 1)
2015/04/17 10:17:46 [profile] [system.db.CDbCommand.query] end:system.db.CDbCommand.query(SELECT * FROM `usr_preferences` `t` WHERE `t`.`user_id`=218 LIMIT 1)
2015/04/17 10:17:46 [trace] [system.db.ar.CActiveRecord] UserPreferences.update()
in /var/www/html/protected/models/WidgetCurrencyElement.php (118)
in /var/www/html/protected/models/WidgetCurrencyElement.php (102)
in /var/www/html/protected/components/widgets/Currency.php (10)
2015/04/17 10:17:46 [trace] [system.db.ar.CActiveRecord] UserPreferences.updateByPk()
in /var/www/html/protected/models/WidgetCurrencyElement.php (118)
in /var/www/html/protected/models/WidgetCurrencyElement.php (102)
in /var/www/html/protected/components/widgets/Currency.php (10)
2015/04/17 10:17:46 [trace] [system.db.CDbCommand] Executing SQL: UPDATE `usr_preferences` SET `user_id`=:yp0, `lang`=:yp1, `weather_city_id`=:yp2, `traffic_city_id`=:yp3, `currency_id`=:yp4, `font_size`=:yp5, `zoom`=:yp6, `follow_later`=:yp7, `friends_later`=:yp8, `mobile_later`=:yp9, `receive_news`=:yp10 WHERE `usr_preferences`.`user_id`=218. Bound with :yp0=218, :yp1='ru', :yp2=1, :yp3=1, :yp4=1, :yp5=16, :yp6=1, :yp7=1, :yp8=1, :yp9=1, :yp10=1
in /var/www/html/protected/models/WidgetCurrencyElement.php (118)
in /var/www/html/protected/models/WidgetCurrencyElement.php (102)
in /var/www/html/protected/components/widgets/Currency.php (10)
2015/04/17 10:17:46 [profile] [system.db.CDbCommand.execute] begin:system.db.CDbCommand.execute(UPDATE `usr_preferences` SET `user_id`=:yp0, `lang`=:yp1, `weather_city_id`=:yp2, `traffic_city_id`=:yp3, `currency_id`=:yp4, `font_size`=:yp5, `zoom`=:yp6, `follow_later`=:yp7, `friends_later`=:yp8, `mobile_later`=:yp9, `receive_news`=:yp10 WHERE `usr_preferences`.`user_id`=218. Bound with :yp0=218, :yp1='ru', :yp2=1, :yp3=1, :yp4=1, :yp5=16, :yp6=1, :yp7=1, :yp8=1, :yp9=1, :yp10=1)
2015/04/17 10:17:46 [profile] [system.db.CDbCommand.execute] end:system.db.CDbCommand.execute(UPDATE `usr_preferences` SET `user_id`=:yp0, `lang`=:yp1, `weather_city_id`=:yp2, `traffic_city_id`=:yp3, `currency_id`=:yp4, `font_size`=:yp5, `zoom`=:yp6, `follow_later`=:yp7, `friends_later`=:yp8, `mobile_later`=:yp9, `receive_news`=:yp10 WHERE `usr_preferences`.`user_id`=218. Bound with :yp0=218, :yp1='ru', :yp2=1, :yp3=1, :yp4=1, :yp5=16, :yp6=1, :yp7=1, :yp8=1, :yp9=1, :yp10=1)
2015/04/17 10:17:46 [trace] [system.db.CDbCommand] Querying SQL: SELECT `id`
FROM `widget_currency_element`
in /var/www/html/protected/models/WidgetCurrencyElement.php (128)
in /var/www/html/protected/components/widgets/CurSale.php (7)
in /var/www/html/protected/views/layouts/column2.php (244)
2015/04/17 10:17:46 [profile] [system.db.CDbCommand.query] begin:system.db.CDbCommand.query(SELECT `id`
FROM `widget_currency_element`)
2015/04/17 10:17:46 [profile] [system.db.CDbCommand.query] end:system.db.CDbCommand.query(SELECT `id`
FROM `widget_currency_element`)
2015/04/17 10:17:46 [trace] [system.db.ar.CActiveRecord] UserPreferences.findByPk()
in /var/www/html/protected/models/WidgetCurrencyElement.php (130)
in /var/www/html/protected/components/widgets/CurSale.php (7)
in /var/www/html/protected/views/layouts/column2.php (244)
2015/04/17 10:17:46 [trace] [system.db.CDbCommand] Querying SQL: SELECT * FROM `usr_preferences` `t` WHERE `t`.`user_id`=218 LIMIT 1
in /var/www/html/protected/models/WidgetCurrencyElement.php (130)
in /var/www/html/protected/components/widgets/CurSale.php (7)
in /var/www/html/protected/views/layouts/column2.php (244)
2015/04/17 10:17:46 [profile] [system.db.CDbCommand.query] begin:system.db.CDbCommand.query(SELECT * FROM `usr_preferences` `t` WHERE `t`.`user_id`=218 LIMIT 1)
2015/04/17 10:17:46 [profile] [system.db.CDbCommand.query] end:system.db.CDbCommand.query(SELECT * FROM `usr_preferences` `t` WHERE `t`.`user_id`=218 LIMIT 1)
2015/04/17 10:17:46 [trace] [system.db.ar.CActiveRecord] WidgetCurrencyElement.findByPk()
in /var/www/html/protected/components/widgets/CurSale.php (8)
in /var/www/html/protected/views/layouts/column2.php (244)
in /var/www/html/protected/controllers/SiteController.php (54)
2015/04/17 10:17:46 [trace] [system.db.CDbCommand] Querying SQL: SELECT * FROM `widget_currency_element` `t` WHERE `t`.`id`=1 LIMIT 1
in /var/www/html/protected/components/widgets/CurSale.php (8)
in /var/www/html/protected/views/layouts/column2.php (244)
in /var/www/html/protected/controllers/SiteController.php (54)
2015/04/17 10:17:46 [profile] [system.db.CDbCommand.query] begin:system.db.CDbCommand.query(SELECT * FROM `widget_currency_element` `t` WHERE `t`.`id`=1 LIMIT 1)
2015/04/17 10:17:46 [profile] [system.db.CDbCommand.query] end:system.db.CDbCommand.query(SELECT * FROM `widget_currency_element` `t` WHERE `t`.`id`=1 LIMIT 1)
2015/04/17 10:17:46 [trace] [system.db.ar.CActiveRecord] UserPreferences.findByPk()
in /var/www/html/protected/models/WidgetCurrencyElement.php (111)
in /var/www/html/protected/models/WidgetCurrencyElement.php (102)
in /var/www/html/protected/components/widgets/CurSale.php (10)
2015/04/17 10:17:46 [trace] [system.db.CDbCommand] Querying SQL: SELECT * FROM `usr_preferences` `t` WHERE `t`.`user_id`=218 LIMIT 1
in /var/www/html/protected/models/WidgetCurrencyElement.php (111)
in /var/www/html/protected/models/WidgetCurrencyElement.php (102)
in /var/www/html/protected/components/widgets/CurSale.php (10)
2015/04/17 10:17:46 [profile] [system.db.CDbCommand.query] begin:system.db.CDbCommand.query(SELECT * FROM `usr_preferences` `t` WHERE `t`.`user_id`=218 LIMIT 1)
2015/04/17 10:17:46 [profile] [system.db.CDbCommand.query] end:system.db.CDbCommand.query(SELECT * FROM `usr_preferences` `t` WHERE `t`.`user_id`=218 LIMIT 1)
2015/04/17 10:17:46 [trace] [system.db.ar.CActiveRecord] UserPreferences.update()
in /var/www/html/protected/models/WidgetCurrencyElement.php (118)
in /var/www/html/protected/models/WidgetCurrencyElement.php (102)
in /var/www/html/protected/components/widgets/CurSale.php (10)
2015/04/17 10:17:46 [trace] [system.db.ar.CActiveRecord] UserPreferences.updateByPk()
in /var/www/html/protected/models/WidgetCurrencyElement.php (118)
in /var/www/html/protected/models/WidgetCurrencyElement.php (102)
in /var/www/html/protected/components/widgets/CurSale.php (10)
2015/04/17 10:17:46 [trace] [system.db.CDbCommand] Executing SQL: UPDATE `usr_preferences` SET `user_id`=:yp0, `lang`=:yp1, `weather_city_id`=:yp2, `traffic_city_id`=:yp3, `currency_id`=:yp4, `font_size`=:yp5, `zoom`=:yp6, `follow_later`=:yp7, `friends_later`=:yp8, `mobile_later`=:yp9, `receive_news`=:yp10 WHERE `usr_preferences`.`user_id`=218. Bound with :yp0=218, :yp1='ru', :yp2=1, :yp3=1, :yp4=1, :yp5=16, :yp6=1, :yp7=1, :yp8=1, :yp9=1, :yp10=1
in /var/www/html/protected/models/WidgetCurrencyElement.php (118)
in /var/www/html/protected/models/WidgetCurrencyElement.php (102)
in /var/www/html/protected/components/widgets/CurSale.php (10)
2015/04/17 10:17:46 [profile] [system.db.CDbCommand.execute] begin:system.db.CDbCommand.execute(UPDATE `usr_preferences` SET `user_id`=:yp0, `lang`=:yp1, `weather_city_id`=:yp2, `traffic_city_id`=:yp3, `currency_id`=:yp4, `font_size`=:yp5, `zoom`=:yp6, `follow_later`=:yp7, `friends_later`=:yp8, `mobile_later`=:yp9, `receive_news`=:yp10 WHERE `usr_preferences`.`user_id`=218. Bound with :yp0=218, :yp1='ru', :yp2=1, :yp3=1, :yp4=1, :yp5=16, :yp6=1, :yp7=1, :yp8=1, :yp9=1, :yp10=1)
2015/04/17 10:17:46 [profile] [system.db.CDbCommand.execute] end:system.db.CDbCommand.execute(UPDATE `usr_preferences` SET `user_id`=:yp0, `lang`=:yp1, `weather_city_id`=:yp2, `traffic_city_id`=:yp3, `currency_id`=:yp4, `font_size`=:yp5, `zoom`=:yp6, `follow_later`=:yp7, `friends_later`=:yp8, `mobile_later`=:yp9, `receive_news`=:yp10 WHERE `usr_preferences`.`user_id`=218. Bound with :yp0=218, :yp1='ru', :yp2=1, :yp3=1, :yp4=1, :yp5=16, :yp6=1, :yp7=1, :yp8=1, :yp9=1, :yp10=1)
2015/04/17 10:17:46 [trace] [system.db.ar.CActiveRecord] WidgetCurrencyElement.findAll()
in /var/www/html/protected/components/widgets/CurrencyMenu.php (13)
in /var/www/html/protected/views/layouts/column2.php (248)
in /var/www/html/protected/controllers/SiteController.php (54)
2015/04/17 10:17:46 [trace] [system.db.CDbCommand] Querying SQL: SELECT * FROM `widget_currency_element` `t`
in /var/www/html/protected/components/widgets/CurrencyMenu.php (13)
in /var/www/html/protected/views/layouts/column2.php (248)
in /var/www/html/protected/controllers/SiteController.php (54)
2015/04/17 10:17:46 [profile] [system.db.CDbCommand.query] begin:system.db.CDbCommand.query(SELECT * FROM `widget_currency_element` `t`)
2015/04/17 10:17:46 [profile] [system.db.CDbCommand.query] end:system.db.CDbCommand.query(SELECT * FROM `widget_currency_element` `t`)
2015/04/17 10:17:46 [trace] [system.db.ar.CActiveRecord] UserPreferences.findByPk()
in /var/www/html/protected/components/widgets/CurrencyMenu.php (16)
in /var/www/html/protected/views/layouts/column2.php (248)
in /var/www/html/protected/controllers/SiteController.php (54)
2015/04/17 10:17:46 [trace] [system.db.CDbCommand] Querying SQL: SELECT * FROM `usr_preferences` `t` WHERE `t`.`user_id`=218 LIMIT 1
in /var/www/html/protected/components/widgets/CurrencyMenu.php (16)
in /var/www/html/protected/views/layouts/column2.php (248)
in /var/www/html/protected/controllers/SiteController.php (54)
2015/04/17 10:17:46 [profile] [system.db.CDbCommand.query] begin:system.db.CDbCommand.query(SELECT * FROM `usr_preferences` `t` WHERE `t`.`user_id`=218 LIMIT 1)
2015/04/17 10:17:46 [profile] [system.db.CDbCommand.query] end:system.db.CDbCommand.query(SELECT * FROM `usr_preferences` `t` WHERE `t`.`user_id`=218 LIMIT 1)
2015/04/17 10:17:46 [trace] [system.db.CDbCommand] Querying SQL: SELECT `id`
FROM `city`
ORDER BY `name_ru`
in /var/www/html/protected/components/widgets/Traffic.php (11)
in /var/www/html/protected/views/layouts/column2.php (257)
in /var/www/html/protected/controllers/SiteController.php (54)
2015/04/17 10:17:46 [profile] [system.db.CDbCommand.query] begin:system.db.CDbCommand.query(SELECT `id`
FROM `city`
ORDER BY `name_ru`)
2015/04/17 10:17:46 [profile] [system.db.CDbCommand.query] end:system.db.CDbCommand.query(SELECT `id`
FROM `city`
ORDER BY `name_ru`)
2015/04/17 10:17:46 [trace] [system.db.ar.CActiveRecord] UserPreferences.findByPk()
in /var/www/html/protected/components/widgets/Traffic.php (13)
in /var/www/html/protected/views/layouts/column2.php (257)
in /var/www/html/protected/controllers/SiteController.php (54)
2015/04/17 10:17:46 [trace] [system.db.CDbCommand] Querying SQL: SELECT * FROM `usr_preferences` `t` WHERE `t`.`user_id`=218 LIMIT 1
in /var/www/html/protected/components/widgets/Traffic.php (13)
in /var/www/html/protected/views/layouts/column2.php (257)
in /var/www/html/protected/controllers/SiteController.php (54)
2015/04/17 10:17:46 [profile] [system.db.CDbCommand.query] begin:system.db.CDbCommand.query(SELECT * FROM `usr_preferences` `t` WHERE `t`.`user_id`=218 LIMIT 1)
2015/04/17 10:17:46 [profile] [system.db.CDbCommand.query] end:system.db.CDbCommand.query(SELECT * FROM `usr_preferences` `t` WHERE `t`.`user_id`=218 LIMIT 1)
2015/04/17 10:17:46 [trace] [system.db.ar.CActiveRecord] City.findByPk()
in /var/www/html/protected/components/widgets/Traffic.php (23)
in /var/www/html/protected/views/layouts/column2.php (257)
in /var/www/html/protected/controllers/SiteController.php (54)
2015/04/17 10:17:46 [trace] [system.db.CDbCommand] Querying SQL: SELECT * FROM `city` `t` WHERE `t`.`id`=1 ORDER BY name_ru ASC LIMIT 1
in /var/www/html/protected/components/widgets/Traffic.php (23)
in /var/www/html/protected/views/layouts/column2.php (257)
in /var/www/html/protected/controllers/SiteController.php (54)
2015/04/17 10:17:46 [profile] [system.db.CDbCommand.query] begin:system.db.CDbCommand.query(SELECT * FROM `city` `t` WHERE `t`.`id`=1 ORDER BY name_ru ASC LIMIT 1)
2015/04/17 10:17:46 [profile] [system.db.CDbCommand.query] end:system.db.CDbCommand.query(SELECT * FROM `city` `t` WHERE `t`.`id`=1 ORDER BY name_ru ASC LIMIT 1)
2015/04/17 10:17:46 [trace] [system.db.ar.CActiveRecord] UserPreferences.findByPk()
in /var/www/html/protected/models/City.php (193)
in /var/www/html/protected/models/City.php (168)
in /var/www/html/protected/components/widgets/Traffic.php (25)
2015/04/17 10:17:46 [trace] [system.db.CDbCommand] Querying SQL: SELECT * FROM `usr_preferences` `t` WHERE `t`.`user_id`=218 LIMIT 1
in /var/www/html/protected/models/City.php (193)
in /var/www/html/protected/models/City.php (168)
in /var/www/html/protected/components/widgets/Traffic.php (25)
2015/04/17 10:17:46 [profile] [system.db.CDbCommand.query] begin:system.db.CDbCommand.query(SELECT * FROM `usr_preferences` `t` WHERE `t`.`user_id`=218 LIMIT 1)
2015/04/17 10:17:46 [profile] [system.db.CDbCommand.query] end:system.db.CDbCommand.query(SELECT * FROM `usr_preferences` `t` WHERE `t`.`user_id`=218 LIMIT 1)
2015/04/17 10:17:46 [trace] [system.db.ar.CActiveRecord] UserPreferences.update()
in /var/www/html/protected/models/City.php (200)
in /var/www/html/protected/models/City.php (168)
in /var/www/html/protected/components/widgets/Traffic.php (25)
2015/04/17 10:17:46 [trace] [system.db.ar.CActiveRecord] UserPreferences.updateByPk()
in /var/www/html/protected/models/City.php (200)
in /var/www/html/protected/models/City.php (168)
in /var/www/html/protected/components/widgets/Traffic.php (25)
2015/04/17 10:17:46 [trace] [system.db.CDbCommand] Executing SQL: UPDATE `usr_preferences` SET `user_id`=:yp0, `lang`=:yp1, `weather_city_id`=:yp2, `traffic_city_id`=:yp3, `currency_id`=:yp4, `font_size`=:yp5, `zoom`=:yp6, `follow_later`=:yp7, `friends_later`=:yp8, `mobile_later`=:yp9, `receive_news`=:yp10 WHERE `usr_preferences`.`user_id`=218. Bound with :yp0=218, :yp1='ru', :yp2=1, :yp3=1, :yp4=1, :yp5=16, :yp6=1, :yp7=1, :yp8=1, :yp9=1, :yp10=1
in /var/www/html/protected/models/City.php (200)
in /var/www/html/protected/models/City.php (168)
in /var/www/html/protected/components/widgets/Traffic.php (25)
2015/04/17 10:17:46 [profile] [system.db.CDbCommand.execute] begin:system.db.CDbCommand.execute(UPDATE `usr_preferences` SET `user_id`=:yp0, `lang`=:yp1, `weather_city_id`=:yp2, `traffic_city_id`=:yp3, `currency_id`=:yp4, `font_size`=:yp5, `zoom`=:yp6, `follow_later`=:yp7, `friends_later`=:yp8, `mobile_later`=:yp9, `receive_news`=:yp10 WHERE `usr_preferences`.`user_id`=218. Bound with :yp0=218, :yp1='ru', :yp2=1, :yp3=1, :yp4=1, :yp5=16, :yp6=1, :yp7=1, :yp8=1, :yp9=1, :yp10=1)
2015/04/17 10:17:46 [profile] [system.db.CDbCommand.execute] end:system.db.CDbCommand.execute(UPDATE `usr_preferences` SET `user_id`=:yp0, `lang`=:yp1, `weather_city_id`=:yp2, `traffic_city_id`=:yp3, `currency_id`=:yp4, `font_size`=:yp5, `zoom`=:yp6, `follow_later`=:yp7, `friends_later`=:yp8, `mobile_later`=:yp9, `receive_news`=:yp10 WHERE `usr_preferences`.`user_id`=218. Bound with :yp0=218, :yp1='ru', :yp2=1, :yp3=1, :yp4=1, :yp5=16, :yp6=1, :yp7=1, :yp8=1, :yp9=1, :yp10=1)
2015/04/17 10:17:46 [trace] [system.db.ar.CActiveRecord] City.findAll()
in /var/www/html/protected/components/widgets/TrafficMenu.php (12)
in /var/www/html/protected/views/layouts/column2.php (266)
in /var/www/html/protected/controllers/SiteController.php (54)
2015/04/17 10:17:46 [trace] [system.db.CDbCommand] Querying SQL: SELECT * FROM `city` `t` WHERE (status = 1) AND (LENGTH(traffic) > 0) ORDER BY name_ru ASC
in /var/www/html/protected/components/widgets/TrafficMenu.php (12)
in /var/www/html/protected/views/layouts/column2.php (266)
in /var/www/html/protected/controllers/SiteController.php (54)
2015/04/17 10:17:46 [profile] [system.db.CDbCommand.query] begin:system.db.CDbCommand.query(SELECT * FROM `city` `t` WHERE (status = 1) AND (LENGTH(traffic) > 0) ORDER BY name_ru ASC)
2015/04/17 10:17:46 [profile] [system.db.CDbCommand.query] end:system.db.CDbCommand.query(SELECT * FROM `city` `t` WHERE (status = 1) AND (LENGTH(traffic) > 0) ORDER BY name_ru ASC)
2015/04/17 10:17:46 [trace] [system.db.ar.CActiveRecord] UserPreferences.findByPk()
in /var/www/html/protected/components/widgets/TrafficMenu.php (15)
in /var/www/html/protected/views/layouts/column2.php (266)
in /var/www/html/protected/controllers/SiteController.php (54)
2015/04/17 10:17:46 [trace] [system.db.CDbCommand] Querying SQL: SELECT * FROM `usr_preferences` `t` WHERE `t`.`user_id`=218 LIMIT 1
in /var/www/html/protected/components/widgets/TrafficMenu.php (15)
in /var/www/html/protected/views/layouts/column2.php (266)
in /var/www/html/protected/controllers/SiteController.php (54)
2015/04/17 10:17:46 [profile] [system.db.CDbCommand.query] begin:system.db.CDbCommand.query(SELECT * FROM `usr_preferences` `t` WHERE `t`.`user_id`=218 LIMIT 1)
2015/04/17 10:17:46 [profile] [system.db.CDbCommand.query] end:system.db.CDbCommand.query(SELECT * FROM `usr_preferences` `t` WHERE `t`.`user_id`=218 LIMIT 1)
2015/04/17 10:17:46 [trace] [system.db.ar.CActiveRecord] UserPreferences.findByPk()
in /var/www/html/protected/components/widgets/LangMenu.php (22)
in /var/www/html/protected/views/layouts/column2.php (274)
in /var/www/html/protected/controllers/SiteController.php (54)
2015/04/17 10:17:46 [trace] [system.db.CDbCommand] Querying SQL: SELECT * FROM `usr_preferences` `t` WHERE `t`.`user_id`=218 LIMIT 1
in /var/www/html/protected/components/widgets/LangMenu.php (22)
in /var/www/html/protected/views/layouts/column2.php (274)
in /var/www/html/protected/controllers/SiteController.php (54)
2015/04/17 10:17:46 [profile] [system.db.CDbCommand.query] begin:system.db.CDbCommand.query(SELECT * FROM `usr_preferences` `t` WHERE `t`.`user_id`=218 LIMIT 1)
2015/04/17 10:17:46 [profile] [system.db.CDbCommand.query] end:system.db.CDbCommand.query(SELECT * FROM `usr_preferences` `t` WHERE `t`.`user_id`=218 LIMIT 1)
2015/04/17 10:17:46 [trace] [system.db.CDbCommand] Querying SQL: SHOW FULL COLUMNS FROM `category`
in /var/www/html/protected/models/Category.php (36)
in /var/www/html/protected/components/widgets/ActiveMenu.php (25)
in /var/www/html/protected/views/layouts/main.php (157)
2015/04/17 10:17:46 [profile] [system.db.CDbCommand.query] begin:system.db.CDbCommand.query(SHOW FULL COLUMNS FROM `category`)
2015/04/17 10:17:46 [profile] [system.db.CDbCommand.query] end:system.db.CDbCommand.query(SHOW FULL COLUMNS FROM `category`)
2015/04/17 10:17:46 [trace] [system.db.CDbCommand] Querying SQL: SHOW CREATE TABLE `category`
in /var/www/html/protected/models/Category.php (36)
in /var/www/html/protected/components/widgets/ActiveMenu.php (25)
in /var/www/html/protected/views/layouts/main.php (157)
2015/04/17 10:17:46 [profile] [system.db.CDbCommand.query] begin:system.db.CDbCommand.query(SHOW CREATE TABLE `category`)
2015/04/17 10:17:46 [profile] [system.db.CDbCommand.query] end:system.db.CDbCommand.query(SHOW CREATE TABLE `category`)
2015/04/17 10:17:46 [trace] [system.db.ar.CActiveRecord] Category.findAll()
in /var/www/html/protected/components/widgets/ActiveMenu.php (25)
in /var/www/html/protected/views/layouts/main.php (157)
in /var/www/html/protected/views/layouts/column2.php (341)
2015/04/17 10:17:46 [trace] [system.db.CDbCommand] Querying SQL: SELECT * FROM `category` `t` ORDER BY `showorder` ASC
in /var/www/html/protected/components/widgets/ActiveMenu.php (25)
in /var/www/html/protected/views/layouts/main.php (157)
in /var/www/html/protected/views/layouts/column2.php (341)
2015/04/17 10:17:46 [profile] [system.db.CDbCommand.query] begin:system.db.CDbCommand.query(SELECT * FROM `category` `t` ORDER BY `showorder` ASC)
2015/04/17 10:17:46 [profile] [system.db.CDbCommand.query] end:system.db.CDbCommand.query(SELECT * FROM `category` `t` ORDER BY `showorder` ASC)
2015/04/17 10:17:46 [trace] [system.db.CDbCommand] Querying SQL: SELECT `id`
FROM `city`
ORDER BY `name_ru`
in /var/www/html/protected/components/widgets/Temperature.php (11)
in /var/www/html/protected/views/layouts/main.php (171)
in /var/www/html/protected/views/layouts/column2.php (341)
2015/04/17 10:17:46 [profile] [system.db.CDbCommand.query] begin:system.db.CDbCommand.query(SELECT `id`
FROM `city`
ORDER BY `name_ru`)
2015/04/17 10:17:46 [profile] [system.db.CDbCommand.query] end:system.db.CDbCommand.query(SELECT `id`
FROM `city`
ORDER BY `name_ru`)
2015/04/17 10:17:46 [trace] [system.db.ar.CActiveRecord] UserPreferences.findByPk()
in /var/www/html/protected/components/widgets/Temperature.php (13)
in /var/www/html/protected/views/layouts/main.php (171)
in /var/www/html/protected/views/layouts/column2.php (341)
2015/04/17 10:17:46 [trace] [system.db.CDbCommand] Querying SQL: SELECT * FROM `usr_preferences` `t` WHERE `t`.`user_id`=218 LIMIT 1
in /var/www/html/protected/components/widgets/Temperature.php (13)
in /var/www/html/protected/views/layouts/main.php (171)
in /var/www/html/protected/views/layouts/column2.php (341)
2015/04/17 10:17:46 [profile] [system.db.CDbCommand.query] begin:system.db.CDbCommand.query(SELECT * FROM `usr_preferences` `t` WHERE `t`.`user_id`=218 LIMIT 1)
2015/04/17 10:17:46 [profile] [system.db.CDbCommand.query] end:system.db.CDbCommand.query(SELECT * FROM `usr_preferences` `t` WHERE `t`.`user_id`=218 LIMIT 1)
2015/04/17 10:17:46 [trace] [system.db.ar.CActiveRecord] City.findByPk()
in /var/www/html/protected/components/widgets/Temperature.php (29)
in /var/www/html/protected/views/layouts/main.php (171)
in /var/www/html/protected/views/layouts/column2.php (341)
2015/04/17 10:17:46 [trace] [system.db.CDbCommand] Querying SQL: SELECT * FROM `city` `t` WHERE `t`.`id`=1 ORDER BY name_ru ASC LIMIT 1
in /var/www/html/protected/components/widgets/Temperature.php (29)
in /var/www/html/protected/views/layouts/main.php (171)
in /var/www/html/protected/views/layouts/column2.php (341)
2015/04/17 10:17:46 [profile] [system.db.CDbCommand.query] begin:system.db.CDbCommand.query(SELECT * FROM `city` `t` WHERE `t`.`id`=1 ORDER BY name_ru ASC LIMIT 1)
2015/04/17 10:17:46 [profile] [system.db.CDbCommand.query] end:system.db.CDbCommand.query(SELECT * FROM `city` `t` WHERE `t`.`id`=1 ORDER BY name_ru ASC LIMIT 1)
2015/04/17 10:17:46 [trace] [system.db.ar.CActiveRecord] UserPreferences.findByPk()
in /var/www/html/protected/models/City.php (177)
in /var/www/html/protected/models/City.php (161)
in /var/www/html/protected/components/widgets/Temperature.php (31)
2015/04/17 10:17:46 [trace] [system.db.CDbCommand] Querying SQL: SELECT * FROM `usr_preferences` `t` WHERE `t`.`user_id`=218 LIMIT 1
in /var/www/html/protected/models/City.php (177)
in /var/www/html/protected/models/City.php (161)
in /var/www/html/protected/components/widgets/Temperature.php (31)
2015/04/17 10:17:46 [profile] [system.db.CDbCommand.query] begin:system.db.CDbCommand.query(SELECT * FROM `usr_preferences` `t` WHERE `t`.`user_id`=218 LIMIT 1)
2015/04/17 10:17:46 [profile] [system.db.CDbCommand.query] end:system.db.CDbCommand.query(SELECT * FROM `usr_preferences` `t` WHERE `t`.`user_id`=218 LIMIT 1)
2015/04/17 10:17:46 [trace] [system.db.ar.CActiveRecord] UserPreferences.update()
in /var/www/html/protected/models/City.php (184)
in /var/www/html/protected/models/City.php (161)
in /var/www/html/protected/components/widgets/Temperature.php (31)
2015/04/17 10:17:46 [trace] [system.db.ar.CActiveRecord] UserPreferences.updateByPk()
in /var/www/html/protected/models/City.php (184)
in /var/www/html/protected/models/City.php (161)
in /var/www/html/protected/components/widgets/Temperature.php (31)
2015/04/17 10:17:46 [trace] [system.db.CDbCommand] Executing SQL: UPDATE `usr_preferences` SET `user_id`=:yp0, `lang`=:yp1, `weather_city_id`=:yp2, `traffic_city_id`=:yp3, `currency_id`=:yp4, `font_size`=:yp5, `zoom`=:yp6, `follow_later`=:yp7, `friends_later`=:yp8, `mobile_later`=:yp9, `receive_news`=:yp10 WHERE `usr_preferences`.`user_id`=218. Bound with :yp0=218, :yp1='ru', :yp2=1, :yp3=1, :yp4=1, :yp5=16, :yp6=1, :yp7=1, :yp8=1, :yp9=1, :yp10=1
in /var/www/html/protected/models/City.php (184)
in /var/www/html/protected/models/City.php (161)
in /var/www/html/protected/components/widgets/Temperature.php (31)
2015/04/17 10:17:46 [profile] [system.db.CDbCommand.execute] begin:system.db.CDbCommand.execute(UPDATE `usr_preferences` SET `user_id`=:yp0, `lang`=:yp1, `weather_city_id`=:yp2, `traffic_city_id`=:yp3, `currency_id`=:yp4, `font_size`=:yp5, `zoom`=:yp6, `follow_later`=:yp7, `friends_later`=:yp8, `mobile_later`=:yp9, `receive_news`=:yp10 WHERE `usr_preferences`.`user_id`=218. Bound with :yp0=218, :yp1='ru', :yp2=1, :yp3=1, :yp4=1, :yp5=16, :yp6=1, :yp7=1, :yp8=1, :yp9=1, :yp10=1)
2015/04/17 10:17:46 [profile] [system.db.CDbCommand.execute] end:system.db.CDbCommand.execute(UPDATE `usr_preferences` SET `user_id`=:yp0, `lang`=:yp1, `weather_city_id`=:yp2, `traffic_city_id`=:yp3, `currency_id`=:yp4, `font_size`=:yp5, `zoom`=:yp6, `follow_later`=:yp7, `friends_later`=:yp8, `mobile_later`=:yp9, `receive_news`=:yp10 WHERE `usr_preferences`.`user_id`=218. Bound with :yp0=218, :yp1='ru', :yp2=1, :yp3=1, :yp4=1, :yp5=16, :yp6=1, :yp7=1, :yp8=1, :yp9=1, :yp10=1)
2015/04/17 10:17:46 [trace] [system.db.ar.CActiveRecord] City.findAll()
in /var/www/html/protected/components/widgets/WeatherMenu.php (18)
in /var/www/html/protected/views/layouts/main.php (180)
in /var/www/html/protected/views/layouts/column2.php (341)
2015/04/17 10:17:46 [trace] [system.db.CDbCommand] Querying SQL: SELECT * FROM `city` `t` ORDER BY name_ru ASC
in /var/www/html/protected/components/widgets/WeatherMenu.php (18)
in /var/www/html/protected/views/layouts/main.php (180)
in /var/www/html/protected/views/layouts/column2.php (341)
2015/04/17 10:17:46 [profile] [system.db.CDbCommand.query] begin:system.db.CDbCommand.query(SELECT * FROM `city` `t` ORDER BY name_ru ASC)
2015/04/17 10:17:46 [profile] [system.db.CDbCommand.query] end:system.db.CDbCommand.query(SELECT * FROM `city` `t` ORDER BY name_ru ASC)
2015/04/17 10:17:46 [trace] [system.db.ar.CActiveRecord] UserPreferences.findByPk()
in /var/www/html/protected/components/widgets/WeatherMenu.php (21)
in /var/www/html/protected/views/layouts/main.php (180)
in /var/www/html/protected/views/layouts/column2.php (341)
2015/04/17 10:17:46 [trace] [system.db.CDbCommand] Querying SQL: SELECT * FROM `usr_preferences` `t` WHERE `t`.`user_id`=218 LIMIT 1
in /var/www/html/protected/components/widgets/WeatherMenu.php (21)
in /var/www/html/protected/views/layouts/main.php (180)
in /var/www/html/protected/views/layouts/column2.php (341)
2015/04/17 10:17:46 [profile] [system.db.CDbCommand.query] begin:system.db.CDbCommand.query(SELECT * FROM `usr_preferences` `t` WHERE `t`.`user_id`=218 LIMIT 1)
2015/04/17 10:17:46 [profile] [system.db.CDbCommand.query] end:system.db.CDbCommand.query(SELECT * FROM `usr_preferences` `t` WHERE `t`.`user_id`=218 LIMIT 1)
2015/04/17 10:17:46 [trace] [system.db.CDbCommand] Querying SQL: SELECT `id`
FROM `widget_currency_element`
in /var/www/html/protected/models/WidgetCurrencyElement.php (128)
in /var/www/html/protected/components/widgets/Currency.php (7)
in /var/www/html/protected/views/layouts/main.php (192)
2015/04/17 10:17:46 [profile] [system.db.CDbCommand.query] begin:system.db.CDbCommand.query(SELECT `id`
FROM `widget_currency_element`)
2015/04/17 10:17:46 [profile] [system.db.CDbCommand.query] end:system.db.CDbCommand.query(SELECT `id`
FROM `widget_currency_element`)
2015/04/17 10:17:46 [trace] [system.db.ar.CActiveRecord] UserPreferences.findByPk()
in /var/www/html/protected/models/WidgetCurrencyElement.php (130)
in /var/www/html/protected/components/widgets/Currency.php (7)
in /var/www/html/protected/views/layouts/main.php (192)
2015/04/17 10:17:46 [trace] [system.db.CDbCommand] Querying SQL: SELECT * FROM `usr_preferences` `t` WHERE `t`.`user_id`=218 LIMIT 1
in /var/www/html/protected/models/WidgetCurrencyElement.php (130)
in /var/www/html/protected/components/widgets/Currency.php (7)
in /var/www/html/protected/views/layouts/main.php (192)
2015/04/17 10:17:46 [profile] [system.db.CDbCommand.query] begin:system.db.CDbCommand.query(SELECT * FROM `usr_preferences` `t` WHERE `t`.`user_id`=218 LIMIT 1)
2015/04/17 10:17:46 [profile] [system.db.CDbCommand.query] end:system.db.CDbCommand.query(SELECT * FROM `usr_preferences` `t` WHERE `t`.`user_id`=218 LIMIT 1)
2015/04/17 10:17:46 [trace] [system.db.ar.CActiveRecord] WidgetCurrencyElement.findByPk()
in /var/www/html/protected/components/widgets/Currency.php (8)
in /var/www/html/protected/views/layouts/main.php (192)
in /var/www/html/protected/views/layouts/column2.php (341)
2015/04/17 10:17:46 [trace] [system.db.CDbCommand] Querying SQL: SELECT * FROM `widget_currency_element` `t` WHERE `t`.`id`=1 LIMIT 1
in /var/www/html/protected/components/widgets/Currency.php (8)
in /var/www/html/protected/views/layouts/main.php (192)
in /var/www/html/protected/views/layouts/column2.php (341)
2015/04/17 10:17:46 [profile] [system.db.CDbCommand.query] begin:system.db.CDbCommand.query(SELECT * FROM `widget_currency_element` `t` WHERE `t`.`id`=1 LIMIT 1)
2015/04/17 10:17:46 [profile] [system.db.CDbCommand.query] end:system.db.CDbCommand.query(SELECT * FROM `widget_currency_element` `t` WHERE `t`.`id`=1 LIMIT 1)
2015/04/17 10:17:46 [trace] [system.db.ar.CActiveRecord] UserPreferences.findByPk()
in /var/www/html/protected/models/WidgetCurrencyElement.php (111)
in /var/www/html/protected/models/WidgetCurrencyElement.php (102)
in /var/www/html/protected/components/widgets/Currency.php (10)
2015/04/17 10:17:46 [trace] [system.db.CDbCommand] Querying SQL: SELECT * FROM `usr_preferences` `t` WHERE `t`.`user_id`=218 LIMIT 1
in /var/www/html/protected/models/WidgetCurrencyElement.php (111)
in /var/www/html/protected/models/WidgetCurrencyElement.php (102)
in /var/www/html/protected/components/widgets/Currency.php (10)
2015/04/17 10:17:46 [profile] [system.db.CDbCommand.query] begin:system.db.CDbCommand.query(SELECT * FROM `usr_preferences` `t` WHERE `t`.`user_id`=218 LIMIT 1)
2015/04/17 10:17:46 [profile] [system.db.CDbCommand.query] end:system.db.CDbCommand.query(SELECT * FROM `usr_preferences` `t` WHERE `t`.`user_id`=218 LIMIT 1)
2015/04/17 10:17:46 [trace] [system.db.ar.CActiveRecord] UserPreferences.update()
in /var/www/html/protected/models/WidgetCurrencyElement.php (118)
in /var/www/html/protected/models/WidgetCurrencyElement.php (102)
in /var/www/html/protected/components/widgets/Currency.php (10)
2015/04/17 10:17:46 [trace] [system.db.ar.CActiveRecord] UserPreferences.updateByPk()
in /var/www/html/protected/models/WidgetCurrencyElement.php (118)
in /var/www/html/protected/models/WidgetCurrencyElement.php (102)
in /var/www/html/protected/components/widgets/Currency.php (10)
2015/04/17 10:17:46 [trace] [system.db.CDbCommand] Executing SQL: UPDATE `usr_preferences` SET `user_id`=:yp0, `lang`=:yp1, `weather_city_id`=:yp2, `traffic_city_id`=:yp3, `currency_id`=:yp4, `font_size`=:yp5, `zoom`=:yp6, `follow_later`=:yp7, `friends_later`=:yp8, `mobile_later`=:yp9, `receive_news`=:yp10 WHERE `usr_preferences`.`user_id`=218. Bound with :yp0=218, :yp1='ru', :yp2=1, :yp3=1, :yp4=1, :yp5=16, :yp6=1, :yp7=1, :yp8=1, :yp9=1, :yp10=1
in /var/www/html/protected/models/WidgetCurrencyElement.php (118)
in /var/www/html/protected/models/WidgetCurrencyElement.php (102)
in /var/www/html/protected/components/widgets/Currency.php (10)
2015/04/17 10:17:46 [profile] [system.db.CDbCommand.execute] begin:system.db.CDbCommand.execute(UPDATE `usr_preferences` SET `user_id`=:yp0, `lang`=:yp1, `weather_city_id`=:yp2, `traffic_city_id`=:yp3, `currency_id`=:yp4, `font_size`=:yp5, `zoom`=:yp6, `follow_later`=:yp7, `friends_later`=:yp8, `mobile_later`=:yp9, `receive_news`=:yp10 WHERE `usr_preferences`.`user_id`=218. Bound with :yp0=218, :yp1='ru', :yp2=1, :yp3=1, :yp4=1, :yp5=16, :yp6=1, :yp7=1, :yp8=1, :yp9=1, :yp10=1)
2015/04/17 10:17:46 [profile] [system.db.CDbCommand.execute] end:system.db.CDbCommand.execute(UPDATE `usr_preferences` SET `user_id`=:yp0, `lang`=:yp1, `weather_city_id`=:yp2, `traffic_city_id`=:yp3, `currency_id`=:yp4, `font_size`=:yp5, `zoom`=:yp6, `follow_later`=:yp7, `friends_later`=:yp8, `mobile_later`=:yp9, `receive_news`=:yp10 WHERE `usr_preferences`.`user_id`=218. Bound with :yp0=218, :yp1='ru', :yp2=1, :yp3=1, :yp4=1, :yp5=16, :yp6=1, :yp7=1, :yp8=1, :yp9=1, :yp10=1)
2015/04/17 10:17:46 [trace] [system.db.CDbCommand] Querying SQL: SELECT `id`
FROM `widget_currency_element`
in /var/www/html/protected/models/WidgetCurrencyElement.php (128)
in /var/www/html/protected/components/widgets/Currency.php (7)
in /var/www/html/protected/views/layouts/main.php (199)
2015/04/17 10:17:46 [profile] [system.db.CDbCommand.query] begin:system.db.CDbCommand.query(SELECT `id`
FROM `widget_currency_element`)
2015/04/17 10:17:46 [profile] [system.db.CDbCommand.query] end:system.db.CDbCommand.query(SELECT `id`
FROM `widget_currency_element`)
2015/04/17 10:17:46 [trace] [system.db.ar.CActiveRecord] UserPreferences.findByPk()
in /var/www/html/protected/models/WidgetCurrencyElement.php (130)
in /var/www/html/protected/components/widgets/Currency.php (7)
in /var/www/html/protected/views/layouts/main.php (199)
2015/04/17 10:17:46 [trace] [system.db.CDbCommand] Querying SQL: SELECT * FROM `usr_preferences` `t` WHERE `t`.`user_id`=218 LIMIT 1
in /var/www/html/protected/models/WidgetCurrencyElement.php (130)
in /var/www/html/protected/components/widgets/Currency.php (7)
in /var/www/html/protected/views/layouts/main.php (199)
2015/04/17 10:17:46 [profile] [system.db.CDbCommand.query] begin:system.db.CDbCommand.query(SELECT * FROM `usr_preferences` `t` WHERE `t`.`user_id`=218 LIMIT 1)
2015/04/17 10:17:46 [profile] [system.db.CDbCommand.query] end:system.db.CDbCommand.query(SELECT * FROM `usr_preferences` `t` WHERE `t`.`user_id`=218 LIMIT 1)
2015/04/17 10:17:46 [trace] [system.db.ar.CActiveRecord] WidgetCurrencyElement.findByPk()
in /var/www/html/protected/components/widgets/Currency.php (8)
in /var/www/html/protected/views/layouts/main.php (199)
in /var/www/html/protected/views/layouts/column2.php (341)
2015/04/17 10:17:46 [trace] [system.db.CDbCommand] Querying SQL: SELECT * FROM `widget_currency_element` `t` WHERE `t`.`id`=1 LIMIT 1
in /var/www/html/protected/components/widgets/Currency.php (8)
in /var/www/html/protected/views/layouts/main.php (199)
in /var/www/html/protected/views/layouts/column2.php (341)
2015/04/17 10:17:46 [profile] [system.db.CDbCommand.query] begin:system.db.CDbCommand.query(SELECT * FROM `widget_currency_element` `t` WHERE `t`.`id`=1 LIMIT 1)
2015/04/17 10:17:46 [profile] [system.db.CDbCommand.query] end:system.db.CDbCommand.query(SELECT * FROM `widget_currency_element` `t` WHERE `t`.`id`=1 LIMIT 1)
2015/04/17 10:17:46 [trace] [system.db.ar.CActiveRecord] UserPreferences.findByPk()
in /var/www/html/protected/models/WidgetCurrencyElement.php (111)
in /var/www/html/protected/models/WidgetCurrencyElement.php (102)
in /var/www/html/protected/components/widgets/Currency.php (10)
2015/04/17 10:17:46 [trace] [system.db.CDbCommand] Querying SQL: SELECT * FROM `usr_preferences` `t` WHERE `t`.`user_id`=218 LIMIT 1
in /var/www/html/protected/models/WidgetCurrencyElement.php (111)
in /var/www/html/protected/models/WidgetCurrencyElement.php (102)
in /var/www/html/protected/components/widgets/Currency.php (10)
2015/04/17 10:17:46 [profile] [system.db.CDbCommand.query] begin:system.db.CDbCommand.query(SELECT * FROM `usr_preferences` `t` WHERE `t`.`user_id`=218 LIMIT 1)
2015/04/17 10:17:46 [profile] [system.db.CDbCommand.query] end:system.db.CDbCommand.query(SELECT * FROM `usr_preferences` `t` WHERE `t`.`user_id`=218 LIMIT 1)
2015/04/17 10:17:46 [trace] [system.db.ar.CActiveRecord] UserPreferences.update()
in /var/www/html/protected/models/WidgetCurrencyElement.php (118)
in /var/www/html/protected/models/WidgetCurrencyElement.php (102)
in /var/www/html/protected/components/widgets/Currency.php (10)
2015/04/17 10:17:46 [trace] [system.db.ar.CActiveRecord] UserPreferences.updateByPk()
in /var/www/html/protected/models/WidgetCurrencyElement.php (118)
in /var/www/html/protected/models/WidgetCurrencyElement.php (102)
in /var/www/html/protected/components/widgets/Currency.php (10)
2015/04/17 10:17:46 [trace] [system.db.CDbCommand] Executing SQL: UPDATE `usr_preferences` SET `user_id`=:yp0, `lang`=:yp1, `weather_city_id`=:yp2, `traffic_city_id`=:yp3, `currency_id`=:yp4, `font_size`=:yp5, `zoom`=:yp6, `follow_later`=:yp7, `friends_later`=:yp8, `mobile_later`=:yp9, `receive_news`=:yp10 WHERE `usr_preferences`.`user_id`=218. Bound with :yp0=218, :yp1='ru', :yp2=1, :yp3=1, :yp4=1, :yp5=16, :yp6=1, :yp7=1, :yp8=1, :yp9=1, :yp10=1
in /var/www/html/protected/models/WidgetCurrencyElement.php (118)
in /var/www/html/protected/models/WidgetCurrencyElement.php (102)
in /var/www/html/protected/components/widgets/Currency.php (10)
2015/04/17 10:17:46 [profile] [system.db.CDbCommand.execute] begin:system.db.CDbCommand.execute(UPDATE `usr_preferences` SET `user_id`=:yp0, `lang`=:yp1, `weather_city_id`=:yp2, `traffic_city_id`=:yp3, `currency_id`=:yp4, `font_size`=:yp5, `zoom`=:yp6, `follow_later`=:yp7, `friends_later`=:yp8, `mobile_later`=:yp9, `receive_news`=:yp10 WHERE `usr_preferences`.`user_id`=218. Bound with :yp0=218, :yp1='ru', :yp2=1, :yp3=1, :yp4=1, :yp5=16, :yp6=1, :yp7=1, :yp8=1, :yp9=1, :yp10=1)
2015/04/17 10:17:46 [profile] [system.db.CDbCommand.execute] end:system.db.CDbCommand.execute(UPDATE `usr_preferences` SET `user_id`=:yp0, `lang`=:yp1, `weather_city_id`=:yp2, `traffic_city_id`=:yp3, `currency_id`=:yp4, `font_size`=:yp5, `zoom`=:yp6, `follow_later`=:yp7, `friends_later`=:yp8, `mobile_later`=:yp9, `receive_news`=:yp10 WHERE `usr_preferences`.`user_id`=218. Bound with :yp0=218, :yp1='ru', :yp2=1, :yp3=1, :yp4=1, :yp5=16, :yp6=1, :yp7=1, :yp8=1, :yp9=1, :yp10=1)
2015/04/17 10:17:46 [trace] [system.db.CDbCommand] Querying SQL: SELECT `id`
FROM `widget_currency_element`
in /var/www/html/protected/models/WidgetCurrencyElement.php (128)
in /var/www/html/protected/components/widgets/CurSale.php (7)
in /var/www/html/protected/views/layouts/main.php (201)
2015/04/17 10:17:46 [profile] [system.db.CDbCommand.query] begin:system.db.CDbCommand.query(SELECT `id`
FROM `widget_currency_element`)
2015/04/17 10:17:46 [profile] [system.db.CDbCommand.query] end:system.db.CDbCommand.query(SELECT `id`
FROM `widget_currency_element`)
2015/04/17 10:17:46 [trace] [system.db.ar.CActiveRecord] UserPreferences.findByPk()
in /var/www/html/protected/models/WidgetCurrencyElement.php (130)
in /var/www/html/protected/components/widgets/CurSale.php (7)
in /var/www/html/protected/views/layouts/main.php (201)
2015/04/17 10:17:46 [trace] [system.db.CDbCommand] Querying SQL: SELECT * FROM `usr_preferences` `t` WHERE `t`.`user_id`=218 LIMIT 1
in /var/www/html/protected/models/WidgetCurrencyElement.php (130)
in /var/www/html/protected/components/widgets/CurSale.php (7)
in /var/www/html/protected/views/layouts/main.php (201)
2015/04/17 10:17:46 [profile] [system.db.CDbCommand.query] begin:system.db.CDbCommand.query(SELECT * FROM `usr_preferences` `t` WHERE `t`.`user_id`=218 LIMIT 1)
2015/04/17 10:17:46 [profile] [system.db.CDbCommand.query] end:system.db.CDbCommand.query(SELECT * FROM `usr_preferences` `t` WHERE `t`.`user_id`=218 LIMIT 1)
2015/04/17 10:17:46 [trace] [system.db.ar.CActiveRecord] WidgetCurrencyElement.findByPk()
in /var/www/html/protected/components/widgets/CurSale.php (8)
in /var/www/html/protected/views/layouts/main.php (201)
in /var/www/html/protected/views/layouts/column2.php (341)
2015/04/17 10:17:46 [trace] [system.db.CDbCommand] Querying SQL: SELECT * FROM `widget_currency_element` `t` WHERE `t`.`id`=1 LIMIT 1
in /var/www/html/protected/components/widgets/CurSale.php (8)
in /var/www/html/protected/views/layouts/main.php (201)
in /var/www/html/protected/views/layouts/column2.php (341)
2015/04/17 10:17:46 [profile] [system.db.CDbCommand.query] begin:system.db.CDbCommand.query(SELECT * FROM `widget_currency_element` `t` WHERE `t`.`id`=1 LIMIT 1)
2015/04/17 10:17:46 [profile] [system.db.CDbCommand.query] end:system.db.CDbCommand.query(SELECT * FROM `widget_currency_element` `t` WHERE `t`.`id`=1 LIMIT 1)
2015/04/17 10:17:46 [trace] [system.db.ar.CActiveRecord] UserPreferences.findByPk()
in /var/www/html/protected/models/WidgetCurrencyElement.php (111)
in /var/www/html/protected/models/WidgetCurrencyElement.php (102)
in /var/www/html/protected/components/widgets/CurSale.php (10)
2015/04/17 10:17:46 [trace] [system.db.CDbCommand] Querying SQL: SELECT * FROM `usr_preferences` `t` WHERE `t`.`user_id`=218 LIMIT 1
in /var/www/html/protected/models/WidgetCurrencyElement.php (111)
in /var/www/html/protected/models/WidgetCurrencyElement.php (102)
in /var/www/html/protected/components/widgets/CurSale.php (10)
2015/04/17 10:17:46 [profile] [system.db.CDbCommand.query] begin:system.db.CDbCommand.query(SELECT * FROM `usr_preferences` `t` WHERE `t`.`user_id`=218 LIMIT 1)
2015/04/17 10:17:46 [profile] [system.db.CDbCommand.query] end:system.db.CDbCommand.query(SELECT * FROM `usr_preferences` `t` WHERE `t`.`user_id`=218 LIMIT 1)
2015/04/17 10:17:46 [trace] [system.db.ar.CActiveRecord] UserPreferences.update()
in /var/www/html/protected/models/WidgetCurrencyElement.php (118)
in /var/www/html/protected/models/WidgetCurrencyElement.php (102)
in /var/www/html/protected/components/widgets/CurSale.php (10)
2015/04/17 10:17:46 [trace] [system.db.ar.CActiveRecord] UserPreferences.updateByPk()
in /var/www/html/protected/models/WidgetCurrencyElement.php (118)
in /var/www/html/protected/models/WidgetCurrencyElement.php (102)
in /var/www/html/protected/components/widgets/CurSale.php (10)
2015/04/17 10:17:46 [trace] [system.db.CDbCommand] Executing SQL: UPDATE `usr_preferences` SET `user_id`=:yp0, `lang`=:yp1, `weather_city_id`=:yp2, `traffic_city_id`=:yp3, `currency_id`=:yp4, `font_size`=:yp5, `zoom`=:yp6, `follow_later`=:yp7, `friends_later`=:yp8, `mobile_later`=:yp9, `receive_news`=:yp10 WHERE `usr_preferences`.`user_id`=218. Bound with :yp0=218, :yp1='ru', :yp2=1, :yp3=1, :yp4=1, :yp5=16, :yp6=1, :yp7=1, :yp8=1, :yp9=1, :yp10=1
in /var/www/html/protected/models/WidgetCurrencyElement.php (118)
in /var/www/html/protected/models/WidgetCurrencyElement.php (102)
in /var/www/html/protected/components/widgets/CurSale.php (10)
2015/04/17 10:17:46 [profile] [system.db.CDbCommand.execute] begin:system.db.CDbCommand.execute(UPDATE `usr_preferences` SET `user_id`=:yp0, `lang`=:yp1, `weather_city_id`=:yp2, `traffic_city_id`=:yp3, `currency_id`=:yp4, `font_size`=:yp5, `zoom`=:yp6, `follow_later`=:yp7, `friends_later`=:yp8, `mobile_later`=:yp9, `receive_news`=:yp10 WHERE `usr_preferences`.`user_id`=218. Bound with :yp0=218, :yp1='ru', :yp2=1, :yp3=1, :yp4=1, :yp5=16, :yp6=1, :yp7=1, :yp8=1, :yp9=1, :yp10=1)
2015/04/17 10:17:46 [profile] [system.db.CDbCommand.execute] end:system.db.CDbCommand.execute(UPDATE `usr_preferences` SET `user_id`=:yp0, `lang`=:yp1, `weather_city_id`=:yp2, `traffic_city_id`=:yp3, `currency_id`=:yp4, `font_size`=:yp5, `zoom`=:yp6, `follow_later`=:yp7, `friends_later`=:yp8, `mobile_later`=:yp9, `receive_news`=:yp10 WHERE `usr_preferences`.`user_id`=218. Bound with :yp0=218, :yp1='ru', :yp2=1, :yp3=1, :yp4=1, :yp5=16, :yp6=1, :yp7=1, :yp8=1, :yp9=1, :yp10=1)
2015/04/17 10:17:46 [trace] [system.db.ar.CActiveRecord] WidgetCurrencyElement.findAll()
in /var/www/html/protected/components/widgets/CurrencyMenu.php (13)
in /var/www/html/protected/views/layouts/main.php (205)
in /var/www/html/protected/views/layouts/column2.php (341)
2015/04/17 10:17:46 [trace] [system.db.CDbCommand] Querying SQL: SELECT * FROM `widget_currency_element` `t`
in /var/www/html/protected/components/widgets/CurrencyMenu.php (13)
in /var/www/html/protected/views/layouts/main.php (205)
in /var/www/html/protected/views/layouts/column2.php (341)
2015/04/17 10:17:46 [profile] [system.db.CDbCommand.query] begin:system.db.CDbCommand.query(SELECT * FROM `widget_currency_element` `t`)
2015/04/17 10:17:46 [profile] [system.db.CDbCommand.query] end:system.db.CDbCommand.query(SELECT * FROM `widget_currency_element` `t`)
2015/04/17 10:17:46 [trace] [system.db.ar.CActiveRecord] UserPreferences.findByPk()
in /var/www/html/protected/components/widgets/CurrencyMenu.php (16)
in /var/www/html/protected/views/layouts/main.php (205)
in /var/www/html/protected/views/layouts/column2.php (341)
2015/04/17 10:17:46 [trace] [system.db.CDbCommand] Querying SQL: SELECT * FROM `usr_preferences` `t` WHERE `t`.`user_id`=218 LIMIT 1
in /var/www/html/protected/components/widgets/CurrencyMenu.php (16)
in /var/www/html/protected/views/layouts/main.php (205)
in /var/www/html/protected/views/layouts/column2.php (341)
2015/04/17 10:17:46 [profile] [system.db.CDbCommand.query] begin:system.db.CDbCommand.query(SELECT * FROM `usr_preferences` `t` WHERE `t`.`user_id`=218 LIMIT 1)
2015/04/17 10:17:46 [profile] [system.db.CDbCommand.query] end:system.db.CDbCommand.query(SELECT * FROM `usr_preferences` `t` WHERE `t`.`user_id`=218 LIMIT 1)
2015/04/17 10:17:46 [trace] [system.db.CDbCommand] Querying SQL: SELECT `id`
FROM `city`
ORDER BY `name_ru`
in /var/www/html/protected/components/widgets/Traffic.php (11)
in /var/www/html/protected/views/layouts/main.php (214)
in /var/www/html/protected/views/layouts/column2.php (341)
2015/04/17 10:17:46 [profile] [system.db.CDbCommand.query] begin:system.db.CDbCommand.query(SELECT `id`
FROM `city`
ORDER BY `name_ru`)
2015/04/17 10:17:46 [profile] [system.db.CDbCommand.query] end:system.db.CDbCommand.query(SELECT `id`
FROM `city`
ORDER BY `name_ru`)
2015/04/17 10:17:46 [trace] [system.db.ar.CActiveRecord] UserPreferences.findByPk()
in /var/www/html/protected/components/widgets/Traffic.php (13)
in /var/www/html/protected/views/layouts/main.php (214)
in /var/www/html/protected/views/layouts/column2.php (341)
2015/04/17 10:17:46 [trace] [system.db.CDbCommand] Querying SQL: SELECT * FROM `usr_preferences` `t` WHERE `t`.`user_id`=218 LIMIT 1
in /var/www/html/protected/components/widgets/Traffic.php (13)
in /var/www/html/protected/views/layouts/main.php (214)
in /var/www/html/protected/views/layouts/column2.php (341)
2015/04/17 10:17:46 [profile] [system.db.CDbCommand.query] begin:system.db.CDbCommand.query(SELECT * FROM `usr_preferences` `t` WHERE `t`.`user_id`=218 LIMIT 1)
2015/04/17 10:17:46 [profile] [system.db.CDbCommand.query] end:system.db.CDbCommand.query(SELECT * FROM `usr_preferences` `t` WHERE `t`.`user_id`=218 LIMIT 1)
2015/04/17 10:17:46 [trace] [system.db.ar.CActiveRecord] City.findByPk()
in /var/www/html/protected/components/widgets/Traffic.php (23)
in /var/www/html/protected/views/layouts/main.php (214)
in /var/www/html/protected/views/layouts/column2.php (341)
2015/04/17 10:17:46 [trace] [system.db.CDbCommand] Querying SQL: SELECT * FROM `city` `t` WHERE `t`.`id`=1 ORDER BY name_ru ASC LIMIT 1
in /var/www/html/protected/components/widgets/Traffic.php (23)
in /var/www/html/protected/views/layouts/main.php (214)
in /var/www/html/protected/views/layouts/column2.php (341)
2015/04/17 10:17:46 [profile] [system.db.CDbCommand.query] begin:system.db.CDbCommand.query(SELECT * FROM `city` `t` WHERE `t`.`id`=1 ORDER BY name_ru ASC LIMIT 1)
2015/04/17 10:17:46 [profile] [system.db.CDbCommand.query] end:system.db.CDbCommand.query(SELECT * FROM `city` `t` WHERE `t`.`id`=1 ORDER BY name_ru ASC LIMIT 1)
2015/04/17 10:17:46 [trace] [system.db.ar.CActiveRecord] UserPreferences.findByPk()
in /var/www/html/protected/models/City.php (193)
in /var/www/html/protected/models/City.php (168)
in /var/www/html/protected/components/widgets/Traffic.php (25)
2015/04/17 10:17:46 [trace] [system.db.CDbCommand] Querying SQL: SELECT * FROM `usr_preferences` `t` WHERE `t`.`user_id`=218 LIMIT 1
in /var/www/html/protected/models/City.php (193)
in /var/www/html/protected/models/City.php (168)
in /var/www/html/protected/components/widgets/Traffic.php (25)
2015/04/17 10:17:46 [profile] [system.db.CDbCommand.query] begin:system.db.CDbCommand.query(SELECT * FROM `usr_preferences` `t` WHERE `t`.`user_id`=218 LIMIT 1)
2015/04/17 10:17:46 [profile] [system.db.CDbCommand.query] end:system.db.CDbCommand.query(SELECT * FROM `usr_preferences` `t` WHERE `t`.`user_id`=218 LIMIT 1)
2015/04/17 10:17:46 [trace] [system.db.ar.CActiveRecord] UserPreferences.update()
in /var/www/html/protected/models/City.php (200)
in /var/www/html/protected/models/City.php (168)
in /var/www/html/protected/components/widgets/Traffic.php (25)
2015/04/17 10:17:46 [trace] [system.db.ar.CActiveRecord] UserPreferences.updateByPk()
in /var/www/html/protected/models/City.php (200)
in /var/www/html/protected/models/City.php (168)
in /var/www/html/protected/components/widgets/Traffic.php (25)
2015/04/17 10:17:46 [trace] [system.db.CDbCommand] Executing SQL: UPDATE `usr_preferences` SET `user_id`=:yp0, `lang`=:yp1, `weather_city_id`=:yp2, `traffic_city_id`=:yp3, `currency_id`=:yp4, `font_size`=:yp5, `zoom`=:yp6, `follow_later`=:yp7, `friends_later`=:yp8, `mobile_later`=:yp9, `receive_news`=:yp10 WHERE `usr_preferences`.`user_id`=218. Bound with :yp0=218, :yp1='ru', :yp2=1, :yp3=1, :yp4=1, :yp5=16, :yp6=1, :yp7=1, :yp8=1, :yp9=1, :yp10=1
in /var/www/html/protected/models/City.php (200)
in /var/www/html/protected/models/City.php (168)
in /var/www/html/protected/components/widgets/Traffic.php (25)
2015/04/17 10:17:46 [profile] [system.db.CDbCommand.execute] begin:system.db.CDbCommand.execute(UPDATE `usr_preferences` SET `user_id`=:yp0, `lang`=:yp1, `weather_city_id`=:yp2, `traffic_city_id`=:yp3, `currency_id`=:yp4, `font_size`=:yp5, `zoom`=:yp6, `follow_later`=:yp7, `friends_later`=:yp8, `mobile_later`=:yp9, `receive_news`=:yp10 WHERE `usr_preferences`.`user_id`=218. Bound with :yp0=218, :yp1='ru', :yp2=1, :yp3=1, :yp4=1, :yp5=16, :yp6=1, :yp7=1, :yp8=1, :yp9=1, :yp10=1)
2015/04/17 10:17:46 [profile] [system.db.CDbCommand.execute] end:system.db.CDbCommand.execute(UPDATE `usr_preferences` SET `user_id`=:yp0, `lang`=:yp1, `weather_city_id`=:yp2, `traffic_city_id`=:yp3, `currency_id`=:yp4, `font_size`=:yp5, `zoom`=:yp6, `follow_later`=:yp7, `friends_later`=:yp8, `mobile_later`=:yp9, `receive_news`=:yp10 WHERE `usr_preferences`.`user_id`=218. Bound with :yp0=218, :yp1='ru', :yp2=1, :yp3=1, :yp4=1, :yp5=16, :yp6=1, :yp7=1, :yp8=1, :yp9=1, :yp10=1)
2015/04/17 10:17:46 [trace] [system.db.ar.CActiveRecord] City.findAll()
in /var/www/html/protected/components/widgets/TrafficMenu.php (12)
in /var/www/html/protected/views/layouts/main.php (223)
in /var/www/html/protected/views/layouts/column2.php (341)
2015/04/17 10:17:46 [trace] [system.db.CDbCommand] Querying SQL: SELECT * FROM `city` `t` WHERE (status = 1) AND (LENGTH(traffic) > 0) ORDER BY name_ru ASC
in /var/www/html/protected/components/widgets/TrafficMenu.php (12)
in /var/www/html/protected/views/layouts/main.php (223)
in /var/www/html/protected/views/layouts/column2.php (341)
2015/04/17 10:17:46 [profile] [system.db.CDbCommand.query] begin:system.db.CDbCommand.query(SELECT * FROM `city` `t` WHERE (status = 1) AND (LENGTH(traffic) > 0) ORDER BY name_ru ASC)
2015/04/17 10:17:46 [profile] [system.db.CDbCommand.query] end:system.db.CDbCommand.query(SELECT * FROM `city` `t` WHERE (status = 1) AND (LENGTH(traffic) > 0) ORDER BY name_ru ASC)
2015/04/17 10:17:46 [trace] [system.db.ar.CActiveRecord] UserPreferences.findByPk()
in /var/www/html/protected/components/widgets/TrafficMenu.php (15)
in /var/www/html/protected/views/layouts/main.php (223)
in /var/www/html/protected/views/layouts/column2.php (341)
2015/04/17 10:17:46 [trace] [system.db.CDbCommand] Querying SQL: SELECT * FROM `usr_preferences` `t` WHERE `t`.`user_id`=218 LIMIT 1
in /var/www/html/protected/components/widgets/TrafficMenu.php (15)
in /var/www/html/protected/views/layouts/main.php (223)
in /var/www/html/protected/views/layouts/column2.php (341)
2015/04/17 10:17:46 [profile] [system.db.CDbCommand.query] begin:system.db.CDbCommand.query(SELECT * FROM `usr_preferences` `t` WHERE `t`.`user_id`=218 LIMIT 1)
2015/04/17 10:17:46 [profile] [system.db.CDbCommand.query] end:system.db.CDbCommand.query(SELECT * FROM `usr_preferences` `t` WHERE `t`.`user_id`=218 LIMIT 1)
2015/04/17 10:17:46 [trace] [system.db.ar.CActiveRecord] UserPreferences.findByPk()
in /var/www/html/protected/components/widgets/LangMenu.php (22)
in /var/www/html/protected/views/layouts/main.php (232)
in /var/www/html/protected/views/layouts/column2.php (341)
2015/04/17 10:17:46 [trace] [system.db.CDbCommand] Querying SQL: SELECT * FROM `usr_preferences` `t` WHERE `t`.`user_id`=218 LIMIT 1
in /var/www/html/protected/components/widgets/LangMenu.php (22)
in /var/www/html/protected/views/layouts/main.php (232)
in /var/www/html/protected/views/layouts/column2.php (341)
2015/04/17 10:17:46 [profile] [system.db.CDbCommand.query] begin:system.db.CDbCommand.query(SELECT * FROM `usr_preferences` `t` WHERE `t`.`user_id`=218 LIMIT 1)
2015/04/17 10:17:46 [profile] [system.db.CDbCommand.query] end:system.db.CDbCommand.query(SELECT * FROM `usr_preferences` `t` WHERE `t`.`user_id`=218 LIMIT 1)
2015/04/17 10:17:46 [trace] [system.base.CModule] Loading "rights" module
in /var/www/html/protected/modules/rights/components/Rights.php (271)
in /var/www/html/protected/modules/rights/components/Rights.php (254)
in /var/www/html/protected/modules/rights/components/Rights.php (287)
2015/04/17 10:17:46 [trace] [system.CModule] Loading "authorizer" application component
in /var/www/html/protected/modules/rights/RightsModule.php (196)
in /var/www/html/protected/modules/rights/components/Rights.php (287)
in /var/www/html/protected/modules/rights/components/Rights.php (60)
2015/04/17 10:17:46 [trace] [system.CModule] Loading "authManager" application component
in /var/www/html/protected/modules/rights/components/RAuthorizer.php (27)
in /var/www/html/protected/modules/rights/RightsModule.php (196)
in /var/www/html/protected/modules/rights/components/Rights.php (287)
2015/04/17 10:17:46 [trace] [system.db.CDbCommand] Querying SQL: SELECT name,t1.type,description,t1.bizrule,t1.data,weight
					FROM AuthItem t1
					LEFT JOIN AuthAssignment t2 ON name=t2.itemname
					LEFT JOIN Rights t3 ON name=t3.itemname
					WHERE t1.type=:type AND userid=:userid
					ORDER BY t1.type DESC, weight ASC. Bound with :type=2, :userid='218'
in /var/www/html/protected/modules/rights/components/RDbAuthManager.php (169)
in /var/www/html/protected/modules/rights/components/RAuthorizer.php (103)
in /var/www/html/protected/modules/rights/components/Rights.php (61)
2015/04/17 10:17:46 [profile] [system.db.CDbCommand.query] begin:system.db.CDbCommand.query(SELECT name,t1.type,description,t1.bizrule,t1.data,weight
					FROM AuthItem t1
					LEFT JOIN AuthAssignment t2 ON name=t2.itemname
					LEFT JOIN Rights t3 ON name=t3.itemname
					WHERE t1.type=:type AND userid=:userid
					ORDER BY t1.type DESC, weight ASC. Bound with :type=2, :userid='218')
2015/04/17 10:17:46 [profile] [system.db.CDbCommand.query] end:system.db.CDbCommand.query(SELECT name,t1.type,description,t1.bizrule,t1.data,weight
					FROM AuthItem t1
					LEFT JOIN AuthAssignment t2 ON name=t2.itemname
					LEFT JOIN Rights t3 ON name=t3.itemname
					WHERE t1.type=:type AND userid=:userid
					ORDER BY t1.type DESC, weight ASC. Bound with :type=2, :userid='218')
2015/04/17 10:17:46 [trace] [system.db.CDbCommand] Querying SQL: SELECT name,t1.type,description,t1.bizrule,t1.data,weight
					FROM AuthItem t1
					LEFT JOIN AuthAssignment t2 ON name=t2.itemname
					LEFT JOIN Rights t3 ON name=t3.itemname
					WHERE t1.type=:type AND userid=:userid
					ORDER BY t1.type DESC, weight ASC. Bound with :type=2, :userid='218'
in /var/www/html/protected/modules/rights/components/RDbAuthManager.php (169)
in /var/www/html/protected/modules/rights/components/RAuthorizer.php (103)
in /var/www/html/protected/modules/rights/components/Rights.php (61)
2015/04/17 10:17:46 [profile] [system.db.CDbCommand.query] begin:system.db.CDbCommand.query(SELECT name,t1.type,description,t1.bizrule,t1.data,weight
					FROM AuthItem t1
					LEFT JOIN AuthAssignment t2 ON name=t2.itemname
					LEFT JOIN Rights t3 ON name=t3.itemname
					WHERE t1.type=:type AND userid=:userid
					ORDER BY t1.type DESC, weight ASC. Bound with :type=2, :userid='218')
2015/04/17 10:17:46 [profile] [system.db.CDbCommand.query] end:system.db.CDbCommand.query(SELECT name,t1.type,description,t1.bizrule,t1.data,weight
					FROM AuthItem t1
					LEFT JOIN AuthAssignment t2 ON name=t2.itemname
					LEFT JOIN Rights t3 ON name=t3.itemname
					WHERE t1.type=:type AND userid=:userid
					ORDER BY t1.type DESC, weight ASC. Bound with :type=2, :userid='218')
2015/04/17 10:17:46 [trace] [system.db.ar.CActiveRecord] User.findByPk()
in /var/www/html/protected/modules/user/UserModule.php (290)
in /var/www/html/protected/modules/user/UserModule.php (200)
in /var/www/html/protected/modules/user/UserModule.php (211)
2015/04/17 10:17:46 [trace] [system.db.CDbCommand] Querying SQL: SELECT `user`.`id` AS `t0_c0`, `user`.`username` AS `t0_c1`, `user`.`email` AS `t0_c3`, `user`.`created` AS `t0_c7`, `user`.`lastvisit_at` AS `t0_c8`, `user`.`superuser` AS `t0_c5`, `user`.`status` AS `t0_c6`, `user`.`id_fb` AS `t0_c9`, `user`.`token` AS `t0_c11`, `profile`.`user_id` AS `t1_c0`, `profile`.`first_name_en` AS `t1_c1`, `profile`.`last_name_en` AS `t1_c2`, `profile`.`first_name_ru` AS `t1_c3`, `profile`.`first_name_uk` AS `t1_c4`, `profile`.`last_name_ru` AS `t1_c5`, `profile`.`last_name_uk` AS `t1_c6`, `profile`.`avatar_source` AS `t1_c7`, `profile`.`sex` AS `t1_c8`, `profile`.`phone` AS `t1_c9`, `profile`.`city` AS `t1_c10`, `profile`.`day` AS `t1_c11`, `profile`.`month` AS `t1_c12`, `profile`.`year` AS `t1_c13` FROM `usr_users` `user`  LEFT OUTER JOIN `usr_profiles` `profile` ON (`profile`.`user_id`=`user`.`id`)  WHERE (`user`.`id`=218)
in /var/www/html/protected/modules/user/UserModule.php (290)
in /var/www/html/protected/modules/user/UserModule.php (200)
in /var/www/html/protected/modules/user/UserModule.php (211)
2015/04/17 10:17:46 [profile] [system.db.CDbCommand.query] begin:system.db.CDbCommand.query(SELECT `user`.`id` AS `t0_c0`, `user`.`username` AS `t0_c1`, `user`.`email` AS `t0_c3`, `user`.`created` AS `t0_c7`, `user`.`lastvisit_at` AS `t0_c8`, `user`.`superuser` AS `t0_c5`, `user`.`status` AS `t0_c6`, `user`.`id_fb` AS `t0_c9`, `user`.`token` AS `t0_c11`, `profile`.`user_id` AS `t1_c0`, `profile`.`first_name_en` AS `t1_c1`, `profile`.`last_name_en` AS `t1_c2`, `profile`.`first_name_ru` AS `t1_c3`, `profile`.`first_name_uk` AS `t1_c4`, `profile`.`last_name_ru` AS `t1_c5`, `profile`.`last_name_uk` AS `t1_c6`, `profile`.`avatar_source` AS `t1_c7`, `profile`.`sex` AS `t1_c8`, `profile`.`phone` AS `t1_c9`, `profile`.`city` AS `t1_c10`, `profile`.`day` AS `t1_c11`, `profile`.`month` AS `t1_c12`, `profile`.`year` AS `t1_c13` FROM `usr_users` `user`  LEFT OUTER JOIN `usr_profiles` `profile` ON (`profile`.`user_id`=`user`.`id`)  WHERE (`user`.`id`=218))
2015/04/17 10:17:46 [profile] [system.db.CDbCommand.query] end:system.db.CDbCommand.query(SELECT `user`.`id` AS `t0_c0`, `user`.`username` AS `t0_c1`, `user`.`email` AS `t0_c3`, `user`.`created` AS `t0_c7`, `user`.`lastvisit_at` AS `t0_c8`, `user`.`superuser` AS `t0_c5`, `user`.`status` AS `t0_c6`, `user`.`id_fb` AS `t0_c9`, `user`.`token` AS `t0_c11`, `profile`.`user_id` AS `t1_c0`, `profile`.`first_name_en` AS `t1_c1`, `profile`.`last_name_en` AS `t1_c2`, `profile`.`first_name_ru` AS `t1_c3`, `profile`.`first_name_uk` AS `t1_c4`, `profile`.`last_name_ru` AS `t1_c5`, `profile`.`last_name_uk` AS `t1_c6`, `profile`.`avatar_source` AS `t1_c7`, `profile`.`sex` AS `t1_c8`, `profile`.`phone` AS `t1_c9`, `profile`.`city` AS `t1_c10`, `profile`.`day` AS `t1_c11`, `profile`.`month` AS `t1_c12`, `profile`.`year` AS `t1_c13` FROM `usr_users` `user`  LEFT OUTER JOIN `usr_profiles` `profile` ON (`profile`.`user_id`=`user`.`id`)  WHERE (`user`.`id`=218))
2015/04/17 10:17:46 [trace] [system.db.ar.CActiveRecord] Category.findAll()
in /var/www/html/protected/components/widgets/ActiveMenu.php (25)
in /var/www/html/protected/views/layouts/main.php (278)
in /var/www/html/protected/views/layouts/column2.php (341)
2015/04/17 10:17:46 [trace] [system.db.CDbCommand] Querying SQL: SELECT * FROM `category` `t` ORDER BY `showorder` ASC
in /var/www/html/protected/components/widgets/ActiveMenu.php (25)
in /var/www/html/protected/views/layouts/main.php (278)
in /var/www/html/protected/views/layouts/column2.php (341)
2015/04/17 10:17:46 [profile] [system.db.CDbCommand.query] begin:system.db.CDbCommand.query(SELECT * FROM `category` `t` ORDER BY `showorder` ASC)
2015/04/17 10:17:46 [profile] [system.db.CDbCommand.query] end:system.db.CDbCommand.query(SELECT * FROM `category` `t` ORDER BY `showorder` ASC)
2015/04/17 10:17:46 [trace] [system.db.ar.CActiveRecord] UserPreferences.findByPk()
in /var/www/html/protected/helpers/NKHelper.php (15)
in /var/www/html/protected/views/layouts/main.php (281)
in /var/www/html/protected/views/layouts/column2.php (341)
2015/04/17 10:17:46 [trace] [system.db.CDbCommand] Querying SQL: SELECT * FROM `usr_preferences` `t` WHERE `t`.`user_id`=218 LIMIT 1
in /var/www/html/protected/helpers/NKHelper.php (15)
in /var/www/html/protected/views/layouts/main.php (281)
in /var/www/html/protected/views/layouts/column2.php (341)
2015/04/17 10:17:46 [profile] [system.db.CDbCommand.query] begin:system.db.CDbCommand.query(SELECT * FROM `usr_preferences` `t` WHERE `t`.`user_id`=218 LIMIT 1)
2015/04/17 10:17:46 [profile] [system.db.CDbCommand.query] end:system.db.CDbCommand.query(SELECT * FROM `usr_preferences` `t` WHERE `t`.`user_id`=218 LIMIT 1)
2015/04/17 10:17:46 [trace] [system.db.ar.CActiveRecord] UserPreferences.findByPk()
in /var/www/html/protected/helpers/NKHelper.php (15)
in /var/www/html/protected/views/layouts/main.php (281)
in /var/www/html/protected/views/layouts/column2.php (341)
2015/04/17 10:17:46 [trace] [system.db.CDbCommand] Querying SQL: SELECT * FROM `usr_preferences` `t` WHERE `t`.`user_id`=218 LIMIT 1
in /var/www/html/protected/helpers/NKHelper.php (15)
in /var/www/html/protected/views/layouts/main.php (281)
in /var/www/html/protected/views/layouts/column2.php (341)
2015/04/17 10:17:46 [profile] [system.db.CDbCommand.query] begin:system.db.CDbCommand.query(SELECT * FROM `usr_preferences` `t` WHERE `t`.`user_id`=218 LIMIT 1)
2015/04/17 10:17:46 [profile] [system.db.CDbCommand.query] end:system.db.CDbCommand.query(SELECT * FROM `usr_preferences` `t` WHERE `t`.`user_id`=218 LIMIT 1)
